#
# A fatal error has been detected by the Java Runtime Environment:
#
#  EXCEPTION_ACCESS_VIOLATION (0xc0000005) at pc=0x00007ffb369aed50, pid=7388, tid=3560
#
# JRE version: OpenJDK Runtime Environment (17.0.2+8) (build 17.0.2+8-86)
# Java VM: OpenJDK 64-Bit Server VM (17.0.2+8-86, mixed mode, sharing, tiered, compressed oops, compressed class ptrs, g1 gc, windows-amd64)
# Problematic frame:
# C  [ig9icd64.dll+0x7ed50]
#
# No core dump will be written. Minidumps are not enabled by default on client versions of Windows
#
# If you would like to submit a bug report, please visit:
#   https://bugreport.java.com/bugreport/crash.jsp
# The crash happened outside the Java Virtual Machine in native code.
# See problematic frame for where to report the bug.
#

---------------  S U M M A R Y ------------

Command Line: -Dfile.encoding=UTF-8 -Duser.country=JP -Duser.language=ja -Duser.variant Test

Host: Intel(R) Core(TM) i5-10210U CPU @ 1.60GHz, 8 cores, 7G,  Windows 10 , 64 bit Build 19041 (10.0.19041.3570)
Time: Wed Nov  8 00:19:59 2023  Windows 10 , 64 bit Build 19041 (10.0.19041.3570) elapsed time: 0.991176 seconds (0d 0h 0m 0s)

---------------  T H R E A D  ---------------

Current thread (0x000001eff68a54b0):  JavaThread "main" [_thread_in_native, id=3560, stack(0x0000007784b00000,0x0000007784c00000)]

Stack: [0x0000007784b00000,0x0000007784c00000],  sp=0x0000007784bfc730,  free space=1009k
Native frames: (J=compiled Java code, j=interpreted, Vv=VM code, C=native code)
C  [ig9icd64.dll+0x7ed50]

Java frames: (J=compiled Java code, j=interpreted, Vv=VM code)
j  org.lwjgl.opengl.GL11C.nglDrawElements(IIIJ)V+0
j  org.lwjgl.opengl.GL11C.glDrawElements(IIIJ)V+4
j  org.lwjgl.opengl.GL11.glDrawElements(IIIJ)V+4
j  org.glcf2.models.Model.drawing()V+94
j  Test.lambda$main$1(Lorg/glcf2/models/Model;J)V+1
j  Test$$Lambda$64+0x0000000800c2a548.invoke(J)V+5
j  org.glcf2.Window.update()V+86
j  Test.main([Ljava/lang/String;)V+272
v  ~StubRoutines::call_stub

siginfo: EXCEPTION_ACCESS_VIOLATION (0xc0000005), reading address 0x0000000000000001


Register to memory mapping:

RIP=0x00007ffb369aed50 ig9icd64.dll
RAX=0x0 is NULL
RBX=0x000001ef9bd22e90 points into unknown readable memory: 0x000001ef984b0000 | 00 00 4b 98 ef 01 00 00
RCX=0x0 is NULL
RDX=0x0000000000000001 is an unknown value
RSP=0x0000007784bfc730 is pointing into the stack for thread: 0x000001eff68a54b0
RBP=0x0000007784bfc860 is pointing into the stack for thread: 0x000001eff68a54b0
RSI=0x000001ef9bb25a20 points into unknown readable memory: 0x000001ef9617fd20 | 20 fd 17 96 ef 01 00 00
RDI=0x000001ef984b0000 points into unknown readable memory: 0x0000000000000000 | 00 00 00 00 00 00 00 00
R8 =0x0000000000000030 is an unknown value
R9 =0x0 is NULL
R10=0x0000000000000003 is an unknown value
R11=0x0000000000000246 is an unknown value
R12=0x0000007784bfcec8 is pointing into the stack for thread: 0x000001eff68a54b0
R13=0x000001ef984b0000 points into unknown readable memory: 0x0000000000000000 | 00 00 00 00 00 00 00 00
R14=0x0000000000000001 is an unknown value
R15=0x0000000000000030 is an unknown value


Registers:
RAX=0x0000000000000000, RBX=0x000001ef9bd22e90, RCX=0x0000000000000000, RDX=0x0000000000000001
RSP=0x0000007784bfc730, RBP=0x0000007784bfc860, RSI=0x000001ef9bb25a20, RDI=0x000001ef984b0000
R8 =0x0000000000000030, R9 =0x0000000000000000, R10=0x0000000000000003, R11=0x0000000000000246
R12=0x0000007784bfcec8, R13=0x000001ef984b0000, R14=0x0000000000000001, R15=0x0000000000000030
RIP=0x00007ffb369aed50, EFLAGS=0x0000000000010206

Top of Stack: (sp=0x0000007784bfc730)
0x0000007784bfc730:   000000000000ff7b 0000000000000000
0x0000007784bfc740:   00000000ffffffff 0000000000000000
0x0000007784bfc750:   000001ef96193040 00007ffb371b48e3
0x0000007784bfc760:   000001ef9bd22e90 0000000000000002
0x0000007784bfc770:   0000007784bfc860 000001ef961cb720
0x0000007784bfc780:   0000000000000048 0000000000000001
0x0000007784bfc790:   0000000000000000 0000000000000000
0x0000007784bfc7a0:   0000000100000000 0000000000000000
0x0000007784bfc7b0:   0000000000000001 000001ef9623db60
0x0000007784bfc7c0:   0000000200000000 000001010000000c
0x0000007784bfc7d0:   0000000000000000 0000000000000004
0x0000007784bfc7e0:   000001ef961bdf30 0000000000000002
0x0000007784bfc7f0:   0000000100000000 000001ef961bdefe
0x0000007784bfc800:   0000000c00000000 000001ef9627fb80
0x0000007784bfc810:   0000000000000000 000001ef9bd55090
0x0000007784bfc820:   0000000000000003 000001ef96193040 

Instructions: (pc=0x00007ffb369aed50)
0x00007ffb369aec50:   82 cf 01 00 00 44 8b cf 41 83 e1 0f 74 41 66 0f
0x00007ffb369aec60:   6f 0d 4a 14 cc 00 b8 10 00 00 00 41 2b c1 44 8b
0x00007ffb369aec70:   c8 b8 0f 00 00 00 41 2a c1 0f be c0 66 0f 6e c0
0x00007ffb369aec80:   66 0f 60 c0 66 0f 61 c0 66 0f 70 c0 00 66 0f 64
0x00007ffb369aec90:   c8 f3 0f 6f 02 49 03 d1 66 0f f7 c1 49 03 f9 41
0x00007ffb369aeca0:   8b c1 44 8b d1 4c 2b c0 0f 29 74 24 10 4d 8b c8
0x00007ffb369aecb0:   0f 29 3c 24 49 c1 e9 07 f6 c2 0f 0f 84 af 00 00
0x00007ffb369aecc0:   00 4d 85 c9 74 6b 66 66 0f 1f 84 00 00 00 00 00
0x00007ffb369aecd0:   f3 0f 6f 02 41 ff c2 f3 0f 6f 4a 10 41 8b c2 f3
0x00007ffb369aece0:   0f 6f 52 20 f3 0f 6f 5a 30 f3 0f 6f 62 40 f3 0f
0x00007ffb369aecf0:   6f 6a 50 f3 0f 6f 72 60 f3 0f 6f 7a 70 66 0f e7
0x00007ffb369aed00:   07 66 0f e7 4f 10 66 0f e7 57 20 66 0f e7 5f 30
0x00007ffb369aed10:   66 0f e7 67 40 66 0f e7 6f 50 66 0f e7 77 60 66
0x00007ffb369aed20:   0f e7 7f 70 48 83 ef 80 48 83 ea 80 49 3b c1 72
0x00007ffb369aed30:   9f 41 83 e0 7f 0f 84 e0 00 00 00 45 8b d0 44 8b
0x00007ffb369aed40:   c9 49 c1 ea 04 4d 85 d2 0f 84 cd 00 00 00 66 90
0x00007ffb369aed50:   f3 0f 6f 02 41 ff c1 48 83 c2 10 41 8b c1 66 0f
0x00007ffb369aed60:   e7 07 48 83 c7 10 49 3b c2 72 e5 e9 ab 00 00 00
0x00007ffb369aed70:   4d 85 c9 74 6c 66 66 66 0f 1f 84 00 00 00 00 00
0x00007ffb369aed80:   f3 0f 6f 02 41 ff c2 f3 0f 6f 4a 10 f3 0f 6f 52
0x00007ffb369aed90:   20 f3 0f 6f 5a 30 f3 0f 6f 62 40 f3 0f 6f 6a 50
0x00007ffb369aeda0:   f3 0f 6f 72 60 f3 0f 6f 7a 70 48 83 ea 80 66 0f
0x00007ffb369aedb0:   e7 07 66 0f e7 4f 10 66 0f e7 57 20 66 0f e7 5f
0x00007ffb369aedc0:   30 66 0f e7 67 40 66 0f e7 6f 50 66 0f e7 77 60
0x00007ffb369aedd0:   66 0f e7 7f 70 48 83 ef 80 41 8b c2 49 3b c1 72
0x00007ffb369aede0:   9f 41 83 e0 7f 74 34 45 8b d0 44 8b c9 49 c1 ea
0x00007ffb369aedf0:   04 4d 85 d2 74 25 66 66 0f 1f 84 00 00 00 00 00
0x00007ffb369aee00:   f3 0f 6f 02 41 ff c1 66 0f e7 07 48 83 c7 10 41
0x00007ffb369aee10:   8b c1 48 83 c2 10 49 3b c2 72 e5 0f 28 74 24 10
0x00007ffb369aee20:   0f 28 3c 24 41 83 e0 0f 74 49 45 8b d0 44 8b c9
0x00007ffb369aee30:   49 c1 ea 02 4d 85 d2 74 1e 0f 1f 80 00 00 00 00
0x00007ffb369aee40:   8b 02 41 ff c1 89 07 48 83 c2 04 48 83 c7 04 41 


Stack slot to memory mapping:
stack at sp + 0 slots: 0x000000000000ff7b is an unknown value
stack at sp + 1 slots: 0x0 is NULL
stack at sp + 2 slots: 0x00000000ffffffff is an unallocated location in the heap
stack at sp + 3 slots: 0x0 is NULL
stack at sp + 4 slots: 0x000001ef96193040 points into unknown readable memory: 0x000001ef9613bf80 | 80 bf 13 96 ef 01 00 00
stack at sp + 5 slots: 0x00007ffb371b48e3 ig9icd64.dll
stack at sp + 6 slots: 0x000001ef9bd22e90 points into unknown readable memory: 0x000001ef984b0000 | 00 00 4b 98 ef 01 00 00
stack at sp + 7 slots: 0x0000000000000002 is an unknown value


---------------  P R O C E S S  ---------------

Threads class SMR info:
_java_thread_list=0x000001ef9bdefc60, length=17, elements={
0x000001eff68a54b0, 0x000001efff9c02d0, 0x000001efff9c1140, 0x000001efff9d9c30,
0x000001efff9dabf0, 0x000001efff9dd5b0, 0x000001efff9def70, 0x000001efff9e5230,
0x000001efff9ed8f0, 0x000001efff9f7ef0, 0x000001ef958aa3a0, 0x000001ef958ae950,
0x000001ef960a9d80, 0x000001ef96111f00, 0x000001ef96112f80, 0x000001ef9be2c2c0,
0x000001ef9bda2c40
}

Java Threads: ( => current thread )
=>0x000001eff68a54b0 JavaThread "main" [_thread_in_native, id=3560, stack(0x0000007784b00000,0x0000007784c00000)]
  0x000001efff9c02d0 JavaThread "Reference Handler" daemon [_thread_blocked, id=5908, stack(0x0000007785200000,0x0000007785300000)]
  0x000001efff9c1140 JavaThread "Finalizer" daemon [_thread_blocked, id=11224, stack(0x0000007785300000,0x0000007785400000)]
  0x000001efff9d9c30 JavaThread "Signal Dispatcher" daemon [_thread_blocked, id=19312, stack(0x0000007785400000,0x0000007785500000)]
  0x000001efff9dabf0 JavaThread "Attach Listener" daemon [_thread_blocked, id=9388, stack(0x0000007785500000,0x0000007785600000)]
  0x000001efff9dd5b0 JavaThread "Service Thread" daemon [_thread_blocked, id=4144, stack(0x0000007785600000,0x0000007785700000)]
  0x000001efff9def70 JavaThread "Monitor Deflation Thread" daemon [_thread_blocked, id=16204, stack(0x0000007785700000,0x0000007785800000)]
  0x000001efff9e5230 JavaThread "C2 CompilerThread0" daemon [_thread_blocked, id=5244, stack(0x0000007785800000,0x0000007785900000)]
  0x000001efff9ed8f0 JavaThread "C1 CompilerThread0" daemon [_thread_blocked, id=11696, stack(0x0000007785900000,0x0000007785a00000)]
  0x000001efff9f7ef0 JavaThread "Sweeper thread" daemon [_thread_blocked, id=19692, stack(0x0000007785a00000,0x0000007785b00000)]
  0x000001ef958aa3a0 JavaThread "Notification Thread" daemon [_thread_blocked, id=1808, stack(0x0000007785b00000,0x0000007785c00000)]
  0x000001ef958ae950 JavaThread "Common-Cleaner" daemon [_thread_blocked, id=5860, stack(0x0000007785d00000,0x0000007785e00000)]
  0x000001ef960a9d80 JavaThread "Java2D Disposer" daemon [_thread_blocked, id=18164, stack(0x0000007786100000,0x0000007786200000)]
  0x000001ef96111f00 JavaThread "AWT-Shutdown" [_thread_blocked, id=3216, stack(0x0000007786200000,0x0000007786300000)]
  0x000001ef96112f80 JavaThread "AWT-Windows" daemon [_thread_in_native, id=14340, stack(0x0000007786300000,0x0000007786400000)]
  0x000001ef9be2c2c0 JavaThread "C2 CompilerThread1" daemon [_thread_blocked, id=4848, stack(0x0000007786800000,0x0000007786900000)]
  0x000001ef9bda2c40 
[error occurred during error reporting (printing all threads), id 0xc0000005, EXCEPTION_ACCESS_VIOLATION (0xc0000005) at pc=0x00007ffb38084e5b]

VM state: not at safepoint (normal execution)

VM Mutex/Monitor currently owned by a thread: None

Heap address: 0x0000000082800000, size: 2008 MB, Compressed Oops mode: 32-bit

CDS archive(s) mapped at: [0x0000000800000000-0x0000000800bc0000-0x0000000800bc0000), size 12320768, SharedBaseAddress: 0x0000000800000000, ArchiveRelocationMode: 0.
Compressed class space mapped at: 0x0000000800c00000-0x0000000840c00000, reserved size: 1073741824
Narrow klass base: 0x0000000800000000, Narrow klass shift: 0, Narrow klass range: 0x100000000

GC Precious Log:
 CPUs: 8 total, 8 available
 Memory: 8025M
 Large Page Support: Disabled
 NUMA Support: Disabled
 Compressed Oops: Enabled (32-bit)
 Heap Region Size: 1M
 Heap Min Capacity: 8M
 Heap Initial Capacity: 126M
 Heap Max Capacity: 2008M
 Pre-touch: Disabled
 Parallel Workers: 8
 Concurrent Workers: 2
 Concurrent Refinement Workers: 8
 Periodic GC: Disabled

Heap:
 garbage-first heap   total 129024K, used 35840K [0x0000000082800000, 0x0000000100000000)
  region size 1024K, 21 young (21504K), 0 survivors (0K)
 Metaspace       used 6196K, committed 6400K, reserved 1056768K
  class space    used 461K, committed 576K, reserved 1048576K

Heap Regions: E=young(eden), S=young(survivor), O=old, HS=humongous(starts), HC=humongous(continues), CS=collection set, F=free, OA=open archive, CA=closed archive, TAMS=top-at-mark-start (previous, next)
|   0|0x0000000082800000, 0x0000000082900000, 0x0000000082900000|100%|HS|  |TAMS 0x0000000082800000, 0x0000000082800000| Complete 
|   1|0x0000000082900000, 0x0000000082a00000, 0x0000000082a00000|100%|HC|  |TAMS 0x0000000082900000, 0x0000000082900000| Complete 
|   2|0x0000000082a00000, 0x0000000082b00000, 0x0000000082b00000|100%|HC|  |TAMS 0x0000000082a00000, 0x0000000082a00000| Complete 
|   3|0x0000000082b00000, 0x0000000082c00000, 0x0000000082c00000|100%|HC|  |TAMS 0x0000000082b00000, 0x0000000082b00000| Complete 
|   4|0x0000000082c00000, 0x0000000082d00000, 0x0000000082d00000|100%|HC|  |TAMS 0x0000000082c00000, 0x0000000082c00000| Complete 
|   5|0x0000000082d00000, 0x0000000082e00000, 0x0000000082e00000|100%|HC|  |TAMS 0x0000000082d00000, 0x0000000082d00000| Complete 
|   6|0x0000000082e00000, 0x0000000082f00000, 0x0000000082f00000|100%|HC|  |TAMS 0x0000000082e00000, 0x0000000082e00000| Complete 
|   7|0x0000000082f00000, 0x0000000083000000, 0x0000000083000000|100%|HC|  |TAMS 0x0000000082f00000, 0x0000000082f00000| Complete 
|   8|0x0000000083000000, 0x0000000083100000, 0x0000000083100000|100%|HS|  |TAMS 0x0000000083000000, 0x0000000083000000| Complete 
|   9|0x0000000083100000, 0x0000000083200000, 0x0000000083200000|100%|HC|  |TAMS 0x0000000083100000, 0x0000000083100000| Complete 
|  10|0x0000000083200000, 0x0000000083300000, 0x0000000083300000|100%|HC|  |TAMS 0x0000000083200000, 0x0000000083200000| Complete 
|  11|0x0000000083300000, 0x0000000083400000, 0x0000000083400000|100%|HC|  |TAMS 0x0000000083300000, 0x0000000083300000| Complete 
|  12|0x0000000083400000, 0x0000000083500000, 0x0000000083500000|100%|HC|  |TAMS 0x0000000083400000, 0x0000000083400000| Complete 
|  13|0x0000000083500000, 0x0000000083600000, 0x0000000083600000|100%|HC|  |TAMS 0x0000000083500000, 0x0000000083500000| Complete 
|  14|0x0000000083600000, 0x0000000083700000, 0x0000000083700000|100%|HC|  |TAMS 0x0000000083600000, 0x0000000083600000| Complete 
|  15|0x0000000083700000, 0x0000000083800000, 0x0000000083800000|100%|HC|  |TAMS 0x0000000083700000, 0x0000000083700000| Complete 
|  16|0x0000000083800000, 0x0000000083800000, 0x0000000083900000|  0%| F|  |TAMS 0x0000000083800000, 0x0000000083800000| Untracked 
|  17|0x0000000083900000, 0x0000000083900000, 0x0000000083a00000|  0%| F|  |TAMS 0x0000000083900000, 0x0000000083900000| Untracked 
|  18|0x0000000083a00000, 0x0000000083a00000, 0x0000000083b00000|  0%| F|  |TAMS 0x0000000083a00000, 0x0000000083a00000| Untracked 
|  19|0x0000000083b00000, 0x0000000083b00000, 0x0000000083c00000|  0%| F|  |TAMS 0x0000000083b00000, 0x0000000083b00000| Untracked 
|  20|0x0000000083c00000, 0x0000000083c00000, 0x0000000083d00000|  0%| F|  |TAMS 0x0000000083c00000, 0x0000000083c00000| Untracked 
|  21|0x0000000083d00000, 0x0000000083d00000, 0x0000000083e00000|  0%| F|  |TAMS 0x0000000083d00000, 0x0000000083d00000| Untracked 
|  22|0x0000000083e00000, 0x0000000083e00000, 0x0000000083f00000|  0%| F|  |TAMS 0x0000000083e00000, 0x0000000083e00000| Untracked 
|  23|0x0000000083f00000, 0x0000000083f00000, 0x0000000084000000|  0%| F|  |TAMS 0x0000000083f00000, 0x0000000083f00000| Untracked 
|  24|0x0000000084000000, 0x0000000084000000, 0x0000000084100000|  0%| F|  |TAMS 0x0000000084000000, 0x0000000084000000| Untracked 
|  25|0x0000000084100000, 0x0000000084100000, 0x0000000084200000|  0%| F|  |TAMS 0x0000000084100000, 0x0000000084100000| Untracked 
|  26|0x0000000084200000, 0x0000000084200000, 0x0000000084300000|  0%| F|  |TAMS 0x0000000084200000, 0x0000000084200000| Untracked 
|  27|0x0000000084300000, 0x0000000084300000, 0x0000000084400000|  0%| F|  |TAMS 0x0000000084300000, 0x0000000084300000| Untracked 
|  28|0x0000000084400000, 0x0000000084400000, 0x0000000084500000|  0%| F|  |TAMS 0x0000000084400000, 0x0000000084400000| Untracked 
|  29|0x0000000084500000, 0x0000000084500000, 0x0000000084600000|  0%| F|  |TAMS 0x0000000084500000, 0x0000000084500000| Untracked 
|  30|0x0000000084600000, 0x0000000084600000, 0x0000000084700000|  0%| F|  |TAMS 0x0000000084600000, 0x0000000084600000| Untracked 
|  31|0x0000000084700000, 0x0000000084700000, 0x0000000084800000|  0%| F|  |TAMS 0x0000000084700000, 0x0000000084700000| Untracked 
|  32|0x0000000084800000, 0x0000000084800000, 0x0000000084900000|  0%| F|  |TAMS 0x0000000084800000, 0x0000000084800000| Untracked 
|  33|0x0000000084900000, 0x0000000084900000, 0x0000000084a00000|  0%| F|  |TAMS 0x0000000084900000, 0x0000000084900000| Untracked 
|  34|0x0000000084a00000, 0x0000000084a00000, 0x0000000084b00000|  0%| F|  |TAMS 0x0000000084a00000, 0x0000000084a00000| Untracked 
|  35|0x0000000084b00000, 0x0000000084b00000, 0x0000000084c00000|  0%| F|  |TAMS 0x0000000084b00000, 0x0000000084b00000| Untracked 
|  36|0x0000000084c00000, 0x0000000084c00000, 0x0000000084d00000|  0%| F|  |TAMS 0x0000000084c00000, 0x0000000084c00000| Untracked 
|  37|0x0000000084d00000, 0x0000000084d00000, 0x0000000084e00000|  0%| F|  |TAMS 0x0000000084d00000, 0x0000000084d00000| Untracked 
|  38|0x0000000084e00000, 0x0000000084e00000, 0x0000000084f00000|  0%| F|  |TAMS 0x0000000084e00000, 0x0000000084e00000| Untracked 
|  39|0x0000000084f00000, 0x0000000084f00000, 0x0000000085000000|  0%| F|  |TAMS 0x0000000084f00000, 0x0000000084f00000| Untracked 
|  40|0x0000000085000000, 0x0000000085000000, 0x0000000085100000|  0%| F|  |TAMS 0x0000000085000000, 0x0000000085000000| Untracked 
|  41|0x0000000085100000, 0x0000000085100000, 0x0000000085200000|  0%| F|  |TAMS 0x0000000085100000, 0x0000000085100000| Untracked 
|  42|0x0000000085200000, 0x0000000085200000, 0x0000000085300000|  0%| F|  |TAMS 0x0000000085200000, 0x0000000085200000| Untracked 
|  43|0x0000000085300000, 0x0000000085300000, 0x0000000085400000|  0%| F|  |TAMS 0x0000000085300000, 0x0000000085300000| Untracked 
|  44|0x0000000085400000, 0x0000000085400000, 0x0000000085500000|  0%| F|  |TAMS 0x0000000085400000, 0x0000000085400000| Untracked 
|  45|0x0000000085500000, 0x0000000085500000, 0x0000000085600000|  0%| F|  |TAMS 0x0000000085500000, 0x0000000085500000| Untracked 
|  46|0x0000000085600000, 0x0000000085600000, 0x0000000085700000|  0%| F|  |TAMS 0x0000000085600000, 0x0000000085600000| Untracked 
|  47|0x0000000085700000, 0x0000000085700000, 0x0000000085800000|  0%| F|  |TAMS 0x0000000085700000, 0x0000000085700000| Untracked 
|  48|0x0000000085800000, 0x0000000085800000, 0x0000000085900000|  0%| F|  |TAMS 0x0000000085800000, 0x0000000085800000| Untracked 
|  49|0x0000000085900000, 0x0000000085900000, 0x0000000085a00000|  0%| F|  |TAMS 0x0000000085900000, 0x0000000085900000| Untracked 
|  50|0x0000000085a00000, 0x0000000085a00000, 0x0000000085b00000|  0%| F|  |TAMS 0x0000000085a00000, 0x0000000085a00000| Untracked 
|  51|0x0000000085b00000, 0x0000000085b00000, 0x0000000085c00000|  0%| F|  |TAMS 0x0000000085b00000, 0x0000000085b00000| Untracked 
|  52|0x0000000085c00000, 0x0000000085c00000, 0x0000000085d00000|  0%| F|  |TAMS 0x0000000085c00000, 0x0000000085c00000| Untracked 
|  53|0x0000000085d00000, 0x0000000085d00000, 0x0000000085e00000|  0%| F|  |TAMS 0x0000000085d00000, 0x0000000085d00000| Untracked 
|  54|0x0000000085e00000, 0x0000000085e00000, 0x0000000085f00000|  0%| F|  |TAMS 0x0000000085e00000, 0x0000000085e00000| Untracked 
|  55|0x0000000085f00000, 0x0000000085f00000, 0x0000000086000000|  0%| F|  |TAMS 0x0000000085f00000, 0x0000000085f00000| Untracked 
|  56|0x0000000086000000, 0x0000000086000000, 0x0000000086100000|  0%| F|  |TAMS 0x0000000086000000, 0x0000000086000000| Untracked 
|  57|0x0000000086100000, 0x0000000086100000, 0x0000000086200000|  0%| F|  |TAMS 0x0000000086100000, 0x0000000086100000| Untracked 
|  58|0x0000000086200000, 0x0000000086200000, 0x0000000086300000|  0%| F|  |TAMS 0x0000000086200000, 0x0000000086200000| Untracked 
|  59|0x0000000086300000, 0x0000000086300000, 0x0000000086400000|  0%| F|  |TAMS 0x0000000086300000, 0x0000000086300000| Untracked 
|  60|0x0000000086400000, 0x0000000086400000, 0x0000000086500000|  0%| F|  |TAMS 0x0000000086400000, 0x0000000086400000| Untracked 
|  61|0x0000000086500000, 0x0000000086500000, 0x0000000086600000|  0%| F|  |TAMS 0x0000000086500000, 0x0000000086500000| Untracked 
|  62|0x0000000086600000, 0x0000000086600000, 0x0000000086700000|  0%| F|  |TAMS 0x0000000086600000, 0x0000000086600000| Untracked 
|  63|0x0000000086700000, 0x0000000086700000, 0x0000000086800000|  0%| F|  |TAMS 0x0000000086700000, 0x0000000086700000| Untracked 
|  64|0x0000000086800000, 0x0000000086800000, 0x0000000086900000|  0%| F|  |TAMS 0x0000000086800000, 0x0000000086800000| Untracked 
|  65|0x0000000086900000, 0x0000000086900000, 0x0000000086a00000|  0%| F|  |TAMS 0x0000000086900000, 0x0000000086900000| Untracked 
|  66|0x0000000086a00000, 0x0000000086a00000, 0x0000000086b00000|  0%| F|  |TAMS 0x0000000086a00000, 0x0000000086a00000| Untracked 
|  67|0x0000000086b00000, 0x0000000086b00000, 0x0000000086c00000|  0%| F|  |TAMS 0x0000000086b00000, 0x0000000086b00000| Untracked 
|  68|0x0000000086c00000, 0x0000000086c00000, 0x0000000086d00000|  0%| F|  |TAMS 0x0000000086c00000, 0x0000000086c00000| Untracked 
|  69|0x0000000086d00000, 0x0000000086d00000, 0x0000000086e00000|  0%| F|  |TAMS 0x0000000086d00000, 0x0000000086d00000| Untracked 
|  70|0x0000000086e00000, 0x0000000086e00000, 0x0000000086f00000|  0%| F|  |TAMS 0x0000000086e00000, 0x0000000086e00000| Untracked 
|  71|0x0000000086f00000, 0x0000000086f00000, 0x0000000087000000|  0%| F|  |TAMS 0x0000000086f00000, 0x0000000086f00000| Untracked 
|  72|0x0000000087000000, 0x0000000087000000, 0x0000000087100000|  0%| F|  |TAMS 0x0000000087000000, 0x0000000087000000| Untracked 
|  73|0x0000000087100000, 0x0000000087100000, 0x0000000087200000|  0%| F|  |TAMS 0x0000000087100000, 0x0000000087100000| Untracked 
|  74|0x0000000087200000, 0x0000000087200000, 0x0000000087300000|  0%| F|  |TAMS 0x0000000087200000, 0x0000000087200000| Untracked 
|  75|0x0000000087300000, 0x0000000087300000, 0x0000000087400000|  0%| F|  |TAMS 0x0000000087300000, 0x0000000087300000| Untracked 
|  76|0x0000000087400000, 0x0000000087400000, 0x0000000087500000|  0%| F|  |TAMS 0x0000000087400000, 0x0000000087400000| Untracked 
|  77|0x0000000087500000, 0x0000000087500000, 0x0000000087600000|  0%| F|  |TAMS 0x0000000087500000, 0x0000000087500000| Untracked 
|  78|0x0000000087600000, 0x0000000087600000, 0x0000000087700000|  0%| F|  |TAMS 0x0000000087600000, 0x0000000087600000| Untracked 
|  79|0x0000000087700000, 0x0000000087700000, 0x0000000087800000|  0%| F|  |TAMS 0x0000000087700000, 0x0000000087700000| Untracked 
|  80|0x0000000087800000, 0x0000000087800000, 0x0000000087900000|  0%| F|  |TAMS 0x0000000087800000, 0x0000000087800000| Untracked 
|  81|0x0000000087900000, 0x0000000087900000, 0x0000000087a00000|  0%| F|  |TAMS 0x0000000087900000, 0x0000000087900000| Untracked 
|  82|0x0000000087a00000, 0x0000000087a00000, 0x0000000087b00000|  0%| F|  |TAMS 0x0000000087a00000, 0x0000000087a00000| Untracked 
|  83|0x0000000087b00000, 0x0000000087b00000, 0x0000000087c00000|  0%| F|  |TAMS 0x0000000087b00000, 0x0000000087b00000| Untracked 
|  84|0x0000000087c00000, 0x0000000087c00000, 0x0000000087d00000|  0%| F|  |TAMS 0x0000000087c00000, 0x0000000087c00000| Untracked 
|  85|0x0000000087d00000, 0x0000000087d00000, 0x0000000087e00000|  0%| F|  |TAMS 0x0000000087d00000, 0x0000000087d00000| Untracked 
|  86|0x0000000087e00000, 0x0000000087e00000, 0x0000000087f00000|  0%| F|  |TAMS 0x0000000087e00000, 0x0000000087e00000| Untracked 
|  87|0x0000000087f00000, 0x0000000087f00000, 0x0000000088000000|  0%| F|  |TAMS 0x0000000087f00000, 0x0000000087f00000| Untracked 
|  88|0x0000000088000000, 0x0000000088000000, 0x0000000088100000|  0%| F|  |TAMS 0x0000000088000000, 0x0000000088000000| Untracked 
|  89|0x0000000088100000, 0x0000000088100000, 0x0000000088200000|  0%| F|  |TAMS 0x0000000088100000, 0x0000000088100000| Untracked 
|  90|0x0000000088200000, 0x0000000088200000, 0x0000000088300000|  0%| F|  |TAMS 0x0000000088200000, 0x0000000088200000| Untracked 
|  91|0x0000000088300000, 0x0000000088300000, 0x0000000088400000|  0%| F|  |TAMS 0x0000000088300000, 0x0000000088300000| Untracked 
|  92|0x0000000088400000, 0x0000000088400000, 0x0000000088500000|  0%| F|  |TAMS 0x0000000088400000, 0x0000000088400000| Untracked 
|  93|0x0000000088500000, 0x0000000088500000, 0x0000000088600000|  0%| F|  |TAMS 0x0000000088500000, 0x0000000088500000| Untracked 
|  94|0x0000000088600000, 0x0000000088600000, 0x0000000088700000|  0%| F|  |TAMS 0x0000000088600000, 0x0000000088600000| Untracked 
|  95|0x0000000088700000, 0x0000000088700000, 0x0000000088800000|  0%| F|  |TAMS 0x0000000088700000, 0x0000000088700000| Untracked 
|  96|0x0000000088800000, 0x0000000088800000, 0x0000000088900000|  0%| F|  |TAMS 0x0000000088800000, 0x0000000088800000| Untracked 
|  97|0x0000000088900000, 0x0000000088900000, 0x0000000088a00000|  0%| F|  |TAMS 0x0000000088900000, 0x0000000088900000| Untracked 
|  98|0x0000000088a00000, 0x0000000088a00000, 0x0000000088b00000|  0%| F|  |TAMS 0x0000000088a00000, 0x0000000088a00000| Untracked 
|  99|0x0000000088b00000, 0x0000000088b00000, 0x0000000088c00000|  0%| F|  |TAMS 0x0000000088b00000, 0x0000000088b00000| Untracked 
| 100|0x0000000088c00000, 0x0000000088c00000, 0x0000000088d00000|  0%| F|  |TAMS 0x0000000088c00000, 0x0000000088c00000| Untracked 
| 101|0x0000000088d00000, 0x0000000088d00000, 0x0000000088e00000|  0%| F|  |TAMS 0x0000000088d00000, 0x0000000088d00000| Untracked 
| 102|0x0000000088e00000, 0x0000000088e00000, 0x0000000088f00000|  0%| F|  |TAMS 0x0000000088e00000, 0x0000000088e00000| Untracked 
| 103|0x0000000088f00000, 0x0000000088f00000, 0x0000000089000000|  0%| F|  |TAMS 0x0000000088f00000, 0x0000000088f00000| Untracked 
| 104|0x0000000089000000, 0x0000000089000000, 0x0000000089100000|  0%| F|  |TAMS 0x0000000089000000, 0x0000000089000000| Untracked 
| 105|0x0000000089100000, 0x00000000891ef488, 0x0000000089200000| 93%| E|  |TAMS 0x0000000089100000, 0x0000000089100000| Complete 
| 106|0x0000000089200000, 0x0000000089300000, 0x0000000089300000|100%| E|CS|TAMS 0x0000000089200000, 0x0000000089200000| Complete 
| 107|0x0000000089300000, 0x0000000089400000, 0x0000000089400000|100%| E|CS|TAMS 0x0000000089300000, 0x0000000089300000| Complete 
| 108|0x0000000089400000, 0x0000000089500000, 0x0000000089500000|100%| E|CS|TAMS 0x0000000089400000, 0x0000000089400000| Complete 
| 109|0x0000000089500000, 0x0000000089600000, 0x0000000089600000|100%| E|CS|TAMS 0x0000000089500000, 0x0000000089500000| Complete 
| 110|0x0000000089600000, 0x0000000089700000, 0x0000000089700000|100%| E|CS|TAMS 0x0000000089600000, 0x0000000089600000| Complete 
| 111|0x0000000089700000, 0x0000000089800000, 0x0000000089800000|100%| E|CS|TAMS 0x0000000089700000, 0x0000000089700000| Complete 
| 112|0x0000000089800000, 0x0000000089900000, 0x0000000089900000|100%| E|CS|TAMS 0x0000000089800000, 0x0000000089800000| Complete 
| 113|0x0000000089900000, 0x0000000089a00000, 0x0000000089a00000|100%| E|CS|TAMS 0x0000000089900000, 0x0000000089900000| Complete 
| 114|0x0000000089a00000, 0x0000000089b00000, 0x0000000089b00000|100%| E|CS|TAMS 0x0000000089a00000, 0x0000000089a00000| Complete 
| 115|0x0000000089b00000, 0x0000000089c00000, 0x0000000089c00000|100%| E|CS|TAMS 0x0000000089b00000, 0x0000000089b00000| Complete 
| 116|0x0000000089c00000, 0x0000000089d00000, 0x0000000089d00000|100%| E|  |TAMS 0x0000000089c00000, 0x0000000089c00000| Complete 
| 117|0x0000000089d00000, 0x0000000089e00000, 0x0000000089e00000|100%| E|CS|TAMS 0x0000000089d00000, 0x0000000089d00000| Complete 
| 118|0x0000000089e00000, 0x0000000089f00000, 0x0000000089f00000|100%| E|CS|TAMS 0x0000000089e00000, 0x0000000089e00000| Complete 
| 119|0x0000000089f00000, 0x000000008a000000, 0x000000008a000000|100%| E|CS|TAMS 0x0000000089f00000, 0x0000000089f00000| Complete 
| 120|0x000000008a000000, 0x000000008a100000, 0x000000008a100000|100%| E|CS|TAMS 0x000000008a000000, 0x000000008a000000| Complete 
| 121|0x000000008a100000, 0x000000008a200000, 0x000000008a200000|100%| E|CS|TAMS 0x000000008a100000, 0x000000008a100000| Complete 
| 122|0x000000008a200000, 0x000000008a300000, 0x000000008a300000|100%| E|CS|TAMS 0x000000008a200000, 0x000000008a200000| Complete 
| 123|0x000000008a300000, 0x000000008a400000, 0x000000008a400000|100%| E|CS|TAMS 0x000000008a300000, 0x000000008a300000| Complete 
| 124|0x000000008a400000, 0x000000008a500000, 0x000000008a500000|100%| E|CS|TAMS 0x000000008a400000, 0x000000008a400000| Complete 
| 125|0x000000008a500000, 0x000000008a600000, 0x000000008a600000|100%| E|CS|TAMS 0x000000008a500000, 0x000000008a500000| Complete 

Card table byte_map: [0x000001effe810000,0x000001effec00000] _byte_map_base: 0x000001effe3fc000

Marking Bits (Prev, Next): (CMBitMap*) 0x000001eff68e86b0, (CMBitMap*) 0x000001eff68e86f0
 Prev Bits: [0x000001ef8f000000, 0x000001ef90f60000)
 Next Bits: [0x000001ef90f60000, 0x000001ef92ec0000)

Polling page: 0x000001eff47a0000

Metaspace:

Usage:
  Non-class:      5.60 MB used.
      Class:    461.11 KB used.
       Both:      6.05 MB used.

Virtual space:
  Non-class space:        8.00 MB reserved,       5.69 MB ( 71%) committed,  1 nodes.
      Class space:        1.00 GB reserved,     576.00 KB ( <1%) committed,  1 nodes.
             Both:        1.01 GB reserved,       6.25 MB ( <1%) committed. 

Chunk freelists:
   Non-Class:  1.79 MB
       Class:  3.50 MB
        Both:  5.29 MB

MaxMetaspaceSize: unlimited
CompressedClassSpaceSize: 1.00 GB
Initial GC threshold: 21.00 MB
Current GC threshold: 21.00 MB
CDS: on
MetaspaceReclaimPolicy: balanced
 - commit_granule_bytes: 65536.
 - commit_granule_words: 8192.
 - virtual_space_node_default_size: 1048576.
 - enlarge_chunks_in_place: 1.
 - new_chunks_are_fully_committed: 0.
 - uncommit_free_chunks: 1.
 - use_allocation_guard: 0.
 - handle_deallocations: 1.


Internal statistics:

num_allocs_failed_limit: 0.
num_arena_births: 126.
num_arena_deaths: 0.
num_vsnodes_births: 2.
num_vsnodes_deaths: 0.
num_space_committed: 98.
num_space_uncommitted: 0.
num_chunks_returned_to_freelist: 0.
num_chunks_taken_from_freelist: 246.
num_chunk_merges: 0.
num_chunk_splits: 156.
num_chunks_enlarged: 97.
num_purges: 0.
num_inconsistent_stats: 0.

CodeHeap 'non-profiled nmethods': size=120000Kb used=336Kb max_used=336Kb free=119664Kb
 bounds [0x000001ef87ad0000, 0x000001ef87d40000, 0x000001ef8f000000]
CodeHeap 'profiled nmethods': size=120000Kb used=1533Kb max_used=1533Kb free=118466Kb
 bounds [0x000001ef805a0000, 0x000001ef80810000, 0x000001ef87ad0000]
CodeHeap 'non-nmethods': size=5760Kb used=1614Kb max_used=1638Kb free=4146Kb
 bounds [0x000001ef80000000, 0x000001ef80270000, 0x000001ef805a0000]
 total_blobs=1968 nmethods=922 adapters=959
 compilation: enabled
              stopped_count=0, restarted_count=0
 full_count=0

Compilation events (20 events):
Event: 0.917 Thread 0x000001ef9be2c2c0  911   !   4       java.nio.DirectByteBuffer::put (36 bytes)
Event: 0.918 Thread 0x000001ef9be2c2c0 nmethod 911 0x000001ef87b21e10 code [0x000001ef87b21f80, 0x000001ef87b22058]
Event: 0.924 Thread 0x000001efff9ed8f0  912 %     3       org.glcf2.Texture::<init> @ 71 (234 bytes)
Event: 0.925 Thread 0x000001efff9ed8f0 nmethod 912% 0x000001ef80717c90 code [0x000001ef80717fc0, 0x000001ef80718f98]
Event: 0.925 Thread 0x000001efff9ed8f0  913       3       org.glcf2.Texture::<init> (234 bytes)
Event: 0.925 Thread 0x000001efff9ed8f0 nmethod 913 0x000001ef80719610 code [0x000001ef80719920, 0x000001ef8071a838]
Event: 0.925 Thread 0x000001ef9be2c2c0  914 %     4       org.glcf2.Texture::<init> @ 71 (234 bytes)
Event: 0.953 Thread 0x000001ef9be2c2c0 nmethod 914% 0x000001ef87b22190 code [0x000001ef87b223a0, 0x000001ef87b23420]
Event: 0.977 Thread 0x000001efff9ed8f0  916       3       jdk.internal.loader.BuiltinClassLoader::findLoadedModule (33 bytes)
Event: 0.977 Thread 0x000001efff9ed8f0 nmethod 916 0x000001ef8071ae90 code [0x000001ef8071b0a0, 0x000001ef8071b6f8]
Event: 0.982 Thread 0x000001efff9ed8f0  918       3       jdk.internal.org.objectweb.asm.Type::getDescriptor (93 bytes)
Event: 0.983 Thread 0x000001efff9ed8f0 nmethod 918 0x000001ef8071b990 code [0x000001ef8071bc00, 0x000001ef8071c388]
Event: 0.983 Thread 0x000001efff9ed8f0  919       3       sun.invoke.util.VerifyType::isNullConversion (157 bytes)
Event: 0.984 Thread 0x000001efff9ed8f0 nmethod 919 0x000001ef8071c610 code [0x000001ef8071c940, 0x000001ef8071df28]
Event: 0.984 Thread 0x000001efff9ed8f0  920       3       java.lang.invoke.MethodHandles$Lookup::isClassAccessible (53 bytes)
Event: 0.984 Thread 0x000001efff9ed8f0 nmethod 920 0x000001ef8071e410 code [0x000001ef8071e620, 0x000001ef8071ebf8]
Event: 0.987 Thread 0x000001efff9ed8f0  921       3       java.lang.invoke.MethodHandleNatives::refKindIsField (32 bytes)
Event: 0.987 Thread 0x000001efff9ed8f0 nmethod 921 0x000001ef8071ee10 code [0x000001ef8071efa0, 0x000001ef8071f0f8]
Event: 0.987 Thread 0x000001efff9ed8f0  922       3       java.lang.invoke.MemberName::isCallerSensitive (8 bytes)
Event: 0.987 Thread 0x000001efff9ed8f0 nmethod 922 0x000001ef8071f190 code [0x000001ef8071f340, 0x000001ef8071f578]

GC Heap History (0 events):
No events

Deoptimization events (20 events):
Event: 0.786 Thread 0x000001eff68a54b0 DEOPT PACKING pc=0x000001ef806fddf8 sp=0x0000007784bfede0
Event: 0.786 Thread 0x000001eff68a54b0 DEOPT UNPACKING pc=0x000001ef80052b43 sp=0x0000007784bfe2b8 mode 0
Event: 0.786 Thread 0x000001eff68a54b0 DEOPT PACKING pc=0x000001ef806fddf8 sp=0x0000007784bfede0
Event: 0.786 Thread 0x000001eff68a54b0 DEOPT UNPACKING pc=0x000001ef80052b43 sp=0x0000007784bfe2b8 mode 0
Event: 0.786 Thread 0x000001eff68a54b0 DEOPT PACKING pc=0x000001ef806fddf8 sp=0x0000007784bfede0
Event: 0.786 Thread 0x000001eff68a54b0 DEOPT UNPACKING pc=0x000001ef80052b43 sp=0x0000007784bfe2b8 mode 0
Event: 0.787 Thread 0x000001eff68a54b0 DEOPT PACKING pc=0x000001ef806fddf8 sp=0x0000007784bfede0
Event: 0.787 Thread 0x000001eff68a54b0 DEOPT UNPACKING pc=0x000001ef80052b43 sp=0x0000007784bfe2b8 mode 0
Event: 0.787 Thread 0x000001eff68a54b0 DEOPT PACKING pc=0x000001ef806fddf8 sp=0x0000007784bfede0
Event: 0.787 Thread 0x000001eff68a54b0 DEOPT UNPACKING pc=0x000001ef80052b43 sp=0x0000007784bfe2b8 mode 0
Event: 0.787 Thread 0x000001eff68a54b0 DEOPT PACKING pc=0x000001ef806fddf8 sp=0x0000007784bfede0
Event: 0.787 Thread 0x000001eff68a54b0 DEOPT UNPACKING pc=0x000001ef80052b43 sp=0x0000007784bfe2b8 mode 0
Event: 0.788 Thread 0x000001eff68a54b0 DEOPT PACKING pc=0x000001ef806fddf8 sp=0x0000007784bfede0
Event: 0.788 Thread 0x000001eff68a54b0 DEOPT UNPACKING pc=0x000001ef80052b43 sp=0x0000007784bfe2b8 mode 0
Event: 0.788 Thread 0x000001eff68a54b0 DEOPT PACKING pc=0x000001ef806fddf8 sp=0x0000007784bfede0
Event: 0.788 Thread 0x000001eff68a54b0 DEOPT UNPACKING pc=0x000001ef80052b43 sp=0x0000007784bfe2b8 mode 0
Event: 0.880 Thread 0x000001eff68a54b0 DEOPT PACKING pc=0x000001ef80713bfa sp=0x0000007784bff440
Event: 0.880 Thread 0x000001eff68a54b0 DEOPT UNPACKING pc=0x000001ef80052b43 sp=0x0000007784bfe980 mode 0
Event: 0.953 Thread 0x000001eff68a54b0 DEOPT PACKING pc=0x000001ef80718d74 sp=0x0000007784bff4f0
Event: 0.953 Thread 0x000001eff68a54b0 DEOPT UNPACKING pc=0x000001ef80052b43 sp=0x0000007784bfea50 mode 0

Classes unloaded (0 events):
No events

Classes redefined (0 events):
No events

Internal exceptions (20 events):
Event: 0.234 Thread 0x000001eff68a54b0 Exception <a 'sun/nio/fs/WindowsException'{0x000000008a072438}> (0x000000008a072438) 
thrown [t:\workspace\open\src\hotspot\share\prims\jni.cpp, line 516]
Event: 0.235 Thread 0x000001eff68a54b0 Exception <a 'sun/nio/fs/WindowsException'{0x000000008a0729b0}> (0x000000008a0729b0) 
thrown [t:\workspace\open\src\hotspot\share\prims\jni.cpp, line 516]
Event: 0.256 Thread 0x000001eff68a54b0 Exception <a 'java/lang/NoSuchMethodError'{0x000000008a0e4258}: 'int java.lang.invoke.DirectMethodHandle$Holder.invokeStaticInit(java.lang.Object, java.lang.Object, int, long)'> (0x000000008a0e4258) 
thrown [t:\workspace\open\src\hotspot\share\interpreter\linkResolver.cpp, line 766]
Event: 0.256 Thread 0x000001eff68a54b0 Exception <a 'java/lang/NoSuchMethodError'{0x000000008a0e9b20}: 'java.lang.Object java.lang.invoke.DirectMethodHandle$Holder.newInvokeSpecial(java.lang.Object, java.lang.Object, int)'> (0x000000008a0e9b20) 
thrown [t:\workspace\open\src\hotspot\share\interpreter\linkResolver.cpp, line 766]
Event: 0.258 Thread 0x000001eff68a54b0 Exception <a 'java/lang/NoSuchMethodError'{0x000000008a0fb940}: 'int java.lang.invoke.DirectMethodHandle$Holder.invokeStaticInit(java.lang.Object, java.lang.Object, long, long)'> (0x000000008a0fb940) 
thrown [t:\workspace\open\src\hotspot\share\interpreter\linkResolver.cpp, line 766]
Event: 0.259 Thread 0x000001eff68a54b0 Exception <a 'java/lang/NoSuchMethodError'{0x0000000089f01ff8}: 'java.lang.Object java.lang.invoke.DirectMethodHandle$Holder.newInvokeSpecial(java.lang.Object, java.lang.Object, long)'> (0x0000000089f01ff8) 
thrown [t:\workspace\open\src\hotspot\share\interpreter\linkResolver.cpp, line 766]
Event: 0.260 Thread 0x000001eff68a54b0 Exception <a 'java/lang/NoSuchMethodError'{0x0000000089f06040}: 'java.lang.Object java.lang.invoke.Invokers$Holder.linkToTargetMethod(java.lang.Object, long, java.lang.Object)'> (0x0000000089f06040) 
thrown [t:\workspace\open\src\hotspot\share\interpreter\linkResolver.cpp, line 766]
Event: 0.265 Thread 0x000001eff68a54b0 Exception <a 'java/lang/NoSuchMethodError'{0x0000000089f0d758}: 'int java.lang.invoke.DirectMethodHandle$Holder.invokeStaticInit(java.lang.Object, java.lang.Object, java.lang.Object, long)'> (0x0000000089f0d758) 
thrown [t:\workspace\open\src\hotspot\share\interpreter\linkResolver.cpp, line 766]
Event: 0.295 Thread 0x000001eff68a54b0 Exception <a 'sun/nio/fs/WindowsException'{0x0000000089fe4708}> (0x0000000089fe4708) 
thrown [t:\workspace\open\src\hotspot\share\prims\jni.cpp, line 516]
Event: 0.297 Thread 0x000001eff68a54b0 Exception <a 'sun/nio/fs/WindowsException'{0x0000000089fe4a98}> (0x0000000089fe4a98) 
thrown [t:\workspace\open\src\hotspot\share\prims\jni.cpp, line 516]
Event: 0.341 Thread 0x000001eff68a54b0 Exception <a 'java/lang/ClassNotFoundException'{0x0000000089e5a9b0}: sun/awt/resources/spi/awtProvider> (0x0000000089e5a9b0) 
thrown [t:\workspace\open\src\hotspot\share\classfile\systemDictionary.cpp, line 256]
Event: 0.370 Thread 0x000001eff68a54b0 Exception <a 'java/io/FileNotFoundException'{0x0000000089eaaf10}> (0x0000000089eaaf10) 
thrown [t:\workspace\open\src\hotspot\share\prims\jni.cpp, line 516]
Event: 0.374 Thread 0x000001eff68a54b0 Exception <a 'java/io/FileNotFoundException'{0x0000000089ed81a8}> (0x0000000089ed81a8) 
thrown [t:\workspace\open\src\hotspot\share\prims\jni.cpp, line 516]
Event: 0.527 Thread 0x000001eff68a54b0 Exception <a 'java/lang/NoSuchMethodError'{0x0000000089df1448}: 'void java.lang.invoke.DirectMethodHandle$Holder.invokeStatic(java.lang.Object, long)'> (0x0000000089df1448) 
thrown [t:\workspace\open\src\hotspot\share\interpreter\linkResolver.cpp, line 766]
Event: 0.534 Thread 0x000001eff68a54b0 Exception <a 'java/lang/NoSuchMethodError'{0x0000000089dfccb0}: 'void java.lang.invoke.DirectMethodHandle$Holder.invokeStatic(java.lang.Object, int, long)'> (0x0000000089dfccb0) 
thrown [t:\workspace\open\src\hotspot\share\interpreter\linkResolver.cpp, line 766]
Event: 0.544 Thread 0x000001eff68a54b0 Exception <a 'sun/nio/fs/WindowsException'{0x0000000089c2fd60}> (0x0000000089c2fd60) 
thrown [t:\workspace\open\src\hotspot\share\prims\jni.cpp, line 516]
Event: 0.545 Thread 0x000001eff68a54b0 Exception <a 'sun/nio/fs/WindowsException'{0x0000000089c30120}> (0x0000000089c30120) 
thrown [t:\workspace\open\src\hotspot\share\prims\jni.cpp, line 516]
Event: 0.556 Thread 0x000001eff68a54b0 Exception <a 'sun/nio/fs/WindowsException'{0x0000000089c39df8}> (0x0000000089c39df8) 
thrown [t:\workspace\open\src\hotspot\share\prims\jni.cpp, line 516]
Event: 0.556 Thread 0x000001eff68a54b0 Exception <a 'sun/nio/fs/WindowsException'{0x0000000089c3a0f8}> (0x0000000089c3a0f8) 
thrown [t:\workspace\open\src\hotspot\share\prims\jni.cpp, line 516]
Event: 0.979 Thread 0x000001eff68a54b0 Exception <a 'java/lang/NoSuchMethodError'{0x00000000891803b0}: 'void java.lang.invoke.DirectMethodHandle$Holder.invokeStatic(java.lang.Object, java.lang.Object, long)'> (0x00000000891803b0) 
thrown [t:\workspace\open\src\hotspot\share\interpreter\linkResolver.cpp, line 766]

VM Operations (6 events):
Event: 0.087 Executing VM operation: HandshakeAllThreads
Event: 0.087 Executing VM operation: HandshakeAllThreads done
Event: 0.104 Executing VM operation: HandshakeAllThreads
Event: 0.104 Executing VM operation: HandshakeAllThreads done
Event: 0.224 Executing VM operation: HandshakeAllThreads
Event: 0.224 Executing VM operation: HandshakeAllThreads done

Events (20 events):
Event: 0.718 loading class sun/awt/image/ByteComponentRaster done
Event: 0.718 loading class sun/awt/image/ByteInterleavedRaster done
Event: 0.718 loading class sun/awt/image/NativeLibLoader
Event: 0.718 loading class sun/awt/image/NativeLibLoader done
Event: 0.719 loading class sun/awt/image/NativeLibLoader$1
Event: 0.719 loading class sun/awt/image/NativeLibLoader$1 done
Event: 0.720 loading class java/awt/image/BufferedImage
Event: 0.721 loading class java/awt/image/WritableRenderedImage
Event: 0.721 loading class java/awt/image/WritableRenderedImage done
Event: 0.721 loading class java/awt/image/BufferedImage done
Event: 0.721 loading class java/awt/image/BufferedImage$1
Event: 0.721 loading class java/awt/image/BufferedImage$1 done
Event: 0.721 loading class sun/awt/image/IntegerComponentRaster
Event: 0.721 loading class sun/awt/image/IntegerComponentRaster done
Event: 0.721 loading class sun/awt/image/ShortComponentRaster
Event: 0.721 loading class sun/awt/image/ShortComponentRaster done
Event: 0.722 loading class com/sun/imageio/plugins/common/ReaderUtil
Event: 0.722 loading class com/sun/imageio/plugins/common/ReaderUtil done
Event: 0.849 Thread 0x000001ef9be2c2c0 Thread added: 0x000001ef9be2c2c0
Event: 0.983 Thread 0x000001ef9bda2c40 Thread added: 0x000001ef9bda2c40


Dynamic libraries:
0x00007ff6d10f0000 - 0x00007ff6d10fe000 	C:\Users\bondrewd\.jdks\openjdk-17.0.2\bin\java.exe
0x00007ffbbfb30000 - 0x00007ffbbfd27000 	C:\Windows\SYSTEM32\ntdll.dll
0x00007ffbbdf10000 - 0x00007ffbbdfcd000 	C:\Windows\System32\KERNEL32.DLL
0x00007ffbbd210000 - 0x00007ffbbd506000 	C:\Windows\System32\KERNELBASE.dll
0x00007ffbbda60000 - 0x00007ffbbdb60000 	C:\Windows\System32\ucrtbase.dll
0x00007ffb993b0000 - 0x00007ffb993ca000 	C:\Users\bondrewd\.jdks\openjdk-17.0.2\bin\VCRUNTIME140.dll
0x00007ffb99390000 - 0x00007ffb993a8000 	C:\Users\bondrewd\.jdks\openjdk-17.0.2\bin\jli.dll
0x00007ffbbe730000 - 0x00007ffbbe8ce000 	C:\Windows\System32\USER32.dll
0x00007ffba7860000 - 0x00007ffba7afa000 	C:\Windows\WinSxS\amd64_microsoft.windows.common-controls_6595b64144ccf1df_6.0.19041.3570_none_60bb2a3971f3e41a\COMCTL32.dll
0x00007ffbbdfe0000 - 0x00007ffbbe07e000 	C:\Windows\System32\msvcrt.dll
0x00007ffbbdb60000 - 0x00007ffbbdb82000 	C:\Windows\System32\win32u.dll
0x00007ffbbdee0000 - 0x00007ffbbdf0c000 	C:\Windows\System32\GDI32.dll
0x00007ffbbd510000 - 0x00007ffbbd62a000 	C:\Windows\System32\gdi32full.dll
0x00007ffbbd9c0000 - 0x00007ffbbda5d000 	C:\Windows\System32\msvcp_win.dll
0x00007ffbbdda0000 - 0x00007ffbbddd0000 	C:\Windows\System32\IMM32.DLL
0x00007ffbb3c50000 - 0x00007ffbb3c5c000 	C:\Users\bondrewd\.jdks\openjdk-17.0.2\bin\vcruntime140_1.dll
0x00007ffb77720000 - 0x00007ffb777ad000 	C:\Users\bondrewd\.jdks\openjdk-17.0.2\bin\msvcp140.dll
0x00007ffb37900000 - 0x00007ffb384c1000 	C:\Users\bondrewd\.jdks\openjdk-17.0.2\bin\server\jvm.dll
0x00007ffbbde30000 - 0x00007ffbbdede000 	C:\Windows\System32\ADVAPI32.dll
0x00007ffbbf620000 - 0x00007ffbbf6bc000 	C:\Windows\System32\sechost.dll
0x00007ffbbdb90000 - 0x00007ffbbdcb6000 	C:\Windows\System32\RPCRT4.dll
0x00007ffbbf610000 - 0x00007ffbbf618000 	C:\Windows\System32\PSAPI.DLL
0x00007ffbb3c20000 - 0x00007ffbb3c29000 	C:\Windows\SYSTEM32\WSOCK32.dll
0x00007ffba5c60000 - 0x00007ffba5c87000 	C:\Windows\SYSTEM32\WINMM.dll
0x00007ffbb4a40000 - 0x00007ffbb4a4a000 	C:\Windows\SYSTEM32\VERSION.dll
0x00007ffbbfa70000 - 0x00007ffbbfadb000 	C:\Windows\System32\WS2_32.dll
0x00007ffbbba40000 - 0x00007ffbbba52000 	C:\Windows\SYSTEM32\kernel.appcore.dll
0x00007ffba8990000 - 0x00007ffba899a000 	C:\Users\bondrewd\.jdks\openjdk-17.0.2\bin\jimage.dll
0x00007ffbbafb0000 - 0x00007ffbbb194000 	C:\Windows\SYSTEM32\DBGHELP.DLL
0x00007ffbb2730000 - 0x00007ffbb2764000 	C:\Windows\SYSTEM32\dbgcore.DLL
0x00007ffbbd790000 - 0x00007ffbbd812000 	C:\Windows\System32\bcryptPrimitives.dll
0x00007ffb96170000 - 0x00007ffb96195000 	C:\Users\bondrewd\.jdks\openjdk-17.0.2\bin\java.dll
0x00007ffb71be0000 - 0x00007ffb71cb6000 	C:\Users\bondrewd\.jdks\openjdk-17.0.2\bin\jsvml.dll
0x00007ffbbe8d0000 - 0x00007ffbbf014000 	C:\Windows\System32\SHELL32.dll
0x00007ffbbb290000 - 0x00007ffbbba2b000 	C:\Windows\SYSTEM32\windows.storage.dll
0x00007ffbbf100000 - 0x00007ffbbf454000 	C:\Windows\System32\combase.dll
0x00007ffbbcb80000 - 0x00007ffbbcbad000 	C:\Windows\SYSTEM32\Wldp.dll
0x00007ffbbf6c0000 - 0x00007ffbbf76d000 	C:\Windows\System32\SHCORE.dll
0x00007ffbbf770000 - 0x00007ffbbf7c5000 	C:\Windows\System32\shlwapi.dll
0x00007ffbbd140000 - 0x00007ffbbd165000 	C:\Windows\SYSTEM32\profapi.dll
0x00007ffb91bb0000 - 0x00007ffb91bc9000 	C:\Users\bondrewd\.jdks\openjdk-17.0.2\bin\net.dll
0x00007ffbb3830000 - 0x00007ffbb393a000 	C:\Windows\SYSTEM32\WINHTTP.dll
0x00007ffbbc8e0000 - 0x00007ffbbc94a000 	C:\Windows\system32\mswsock.dll
0x00007ffb91b90000 - 0x00007ffb91ba6000 	C:\Users\bondrewd\.jdks\openjdk-17.0.2\bin\nio.dll
0x00007ffb8f130000 - 0x00007ffb8f148000 	C:\Users\bondrewd\.jdks\openjdk-17.0.2\bin\zip.dll
0x00007ffb7a050000 - 0x00007ffb7a0c5000 	C:\Users\bondrewd\AppData\Local\Temp\lwjglbondrewd\3.3.1-build-7\lwjgl.dll
0x00007ffb7e620000 - 0x00007ffb7e681000 	C:\Users\bondrewd\AppData\Local\Temp\lwjglbondrewd\3.3.1-build-7\glfw.dll
0x00007ffb9a150000 - 0x00007ffb9a195000 	C:\Windows\SYSTEM32\dinput8.dll
0x00007ffb9a030000 - 0x00007ffb9a041000 	C:\Windows\SYSTEM32\xinput1_4.dll
0x00007ffbbd890000 - 0x00007ffbbd8de000 	C:\Windows\System32\cfgmgr32.dll
0x00007ffbbcf30000 - 0x00007ffbbcf63000 	C:\Windows\SYSTEM32\DEVOBJ.dll
0x00007ffbbaa20000 - 0x00007ffbbaa4f000 	C:\Windows\SYSTEM32\dwmapi.dll
0x00007ffbab460000 - 0x00007ffbab5b2000 	C:\Windows\SYSTEM32\inputhost.dll
0x00007ffbbf9a0000 - 0x00007ffbbfa6d000 	C:\Windows\System32\OLEAUT32.dll
0x00007ffbba500000 - 0x00007ffbba5f2000 	C:\Windows\SYSTEM32\CoreMessaging.dll
0x00007ffbb8910000 - 0x00007ffbb8a06000 	C:\Windows\SYSTEM32\PROPSYS.dll
0x00007ffbb8cc0000 - 0x00007ffbb8e15000 	C:\Windows\SYSTEM32\wintypes.dll
0x00007ffbb9cf0000 - 0x00007ffbba04b000 	C:\Windows\SYSTEM32\CoreUIComponents.dll
0x00007ffbbc330000 - 0x00007ffbbc363000 	C:\Windows\SYSTEM32\ntmarta.dll
0x00007ffbba840000 - 0x00007ffbba8de000 	C:\Windows\system32\uxtheme.dll
0x00007ffbbf7d0000 - 0x00007ffbbf8e4000 	C:\Windows\System32\MSCTF.dll
0x00007ffb45300000 - 0x00007ffb4548e000 	C:\Users\bondrewd\.jdks\openjdk-17.0.2\bin\awt.dll
0x00007ffbba740000 - 0x00007ffbba7d0000 	C:\Windows\SYSTEM32\apphelp.dll
0x00007ffbbe080000 - 0x00007ffbbe1ab000 	C:\Windows\System32\ole32.dll
0x00007ffba98f0000 - 0x00007ffba9a15000 	C:\Windows\system32\opengl32.dll
0x00007ffbb2320000 - 0x00007ffbb234c000 	C:\Windows\SYSTEM32\GLU32.dll
0x00007ffbbf8f0000 - 0x00007ffbbf999000 	C:\Windows\System32\clbcatq.dll
0x00007ffbb2b20000 - 0x00007ffbb2c22000 	C:\Windows\System32\AppXDeploymentClient.dll
0x00007ffb36930000 - 0x00007ffb378f4000 	C:\Windows\System32\DriverStore\FileRepository\iigd_dch.inf_amd64_4b31d9b38e2bb506\ig9icd64.dll
0x00007ffbbbab0000 - 0x00007ffbbbba3000 	C:\Windows\system32\dxgi.dll
0x00007ffb364f0000 - 0x00007ffb3692c000 	C:\Windows\System32\DriverStore\FileRepository\iigd_dch.inf_amd64_4b31d9b38e2bb506\igdml64.dll
0x00007ffbb3e90000 - 0x00007ffbb41c6000 	C:\Windows\System32\DriverStore\FileRepository\iigd_dch.inf_amd64_4b31d9b38e2bb506\igdgmm64.dll
0x00007ffbad6c0000 - 0x00007ffbb044f000 	C:\Windows\System32\DriverStore\FileRepository\iigd_dch.inf_amd64_4b31d9b38e2bb506\igc64.dll
0x00007ffbbd070000 - 0x00007ffbbd0bb000 	C:\Windows\SYSTEM32\powrprof.dll
0x00007ffbbd050000 - 0x00007ffbbd062000 	C:\Windows\SYSTEM32\UMPDC.dll
0x00007ffbab5c0000 - 0x00007ffbab6ba000 	C:\Windows\SYSTEM32\textinputframework.dll
0x0000000060eb0000 - 0x00000000613c7000 	C:\Program Files (x86)\Google\Google Japanese Input\GoogleIMEJaTIP64.dll
0x00007ffbb7120000 - 0x00007ffbb712b000 	C:\Windows\SYSTEM32\ktmw32.dll
0x00007ffbb94f0000 - 0x00007ffbb9ab0000 	C:\Windows\SYSTEM32\d2d1.dll
0x00007ffb956b0000 - 0x00007ffb9592f000 	C:\Windows\SYSTEM32\DWrite.dll
0x00007ffba69b0000 - 0x00007ffba6a16000 	C:\Windows\system32\Oleacc.dll
0x00007ffb7ac50000 - 0x00007ffb7acad000 	C:\Users\bondrewd\AppData\Local\Temp\lwjglbondrewd\3.3.1-build-7\lwjgl_opengl.dll

dbghelp: loaded successfully - version: 4.0.5 - missing functions: none
symbol engine: initialized successfully - sym options: 0x614 - pdb path: .;C:\Users\bondrewd\.jdks\openjdk-17.0.2\bin;C:\Windows\SYSTEM32;C:\Windows\WinSxS\amd64_microsoft.windows.common-controls_6595b64144ccf1df_6.0.19041.3570_none_60bb2a3971f3e41a;C:\Users\bondrewd\.jdks\openjdk-17.0.2\bin\server;C:\Users\bondrewd\AppData\Local\Temp\lwjglbondrewd\3.3.1-build-7;C:\Windows\System32\DriverStore\FileRepository\iigd_dch.inf_amd64_4b31d9b38e2bb506;C:\Program Files (x86)\Google\Google Japanese Input

VM Arguments:
jvm_args: -Dfile.encoding=UTF-8 -Duser.country=JP -Duser.language=ja -Duser.variant 
java_command: Test
java_class_path (initial): C:\.program\java\GLCommonFramework\build\classes\java\test;C:\.program\java\GLCommonFramework\build\resources\test;C:\.program\java\GLCommonFramework\build\classes\java\main;C:\.program\java\GLCommonFramework\build\resources\main;C:\.program\java\.libraries\lwjgl-release-3.3.1-custom\lwjgl-natives-windows.jar;C:\.program\java\.libraries\lwjgl-release-3.3.1-custom\lwjgl-opengles-javadoc.jar;C:\.program\java\.libraries\lwjgl-release-3.3.1-custom\lwjgl-opengles-sources.jar;C:\.program\java\.libraries\lwjgl-release-3.3.1-custom\lwjgl-opengles.jar;C:\.program\java\.libraries\lwjgl-release-3.3.1-custom\lwjgl-opengles-natives-windows.jar;C:\.program\java\.libraries\lwjgl-release-3.3.1-custom\lwjgl-opengl.jar;C:\.program\java\.libraries\lwjgl-release-3.3.1-custom\lwjgl-opengl-javadoc.jar;C:\.program\java\.libraries\lwjgl-release-3.3.1-custom\lwjgl-opengl-sources.jar;C:\.program\java\.libraries\lwjgl-release-3.3.1-custom\lwjgl-openvr.jar;C:\.program\java\.libraries\lwjgl-release-3.3.1-custom\lwjgl-openvr-javadoc.jar;C:\.program\java\.libraries\lwjgl-release-3.3.1-custom\lwjgl-openvr-natives-windows.jar;C:\.program\java\.libraries\lwjgl-release-3.3.1-custom\lwjgl-openvr-sources.jar;C:\.program\java\.libraries\lwjgl-release-3.3.1-custom\lwjgl-stb.jar;C:\.program\java\.libraries\lwjgl-release-3.3.1-custom\lwjgl-stb-javadoc.jar;C:\.program\java\.libraries\lwjgl-release-3.3.1-custom\lwjgl-stb-natives-windows.jar;C:\.program\java\.libraries\lwjgl-release-3.3.1-custom\lwjgl-stb-sources.jar;C:\.program\java\.libraries\lwjgl-release-3.3.1-custom\lwjgl-glfw.jar;C:\.program\java\.libraries\lwjgl-release-3.3.1-custom\lwjgl-glfw-javadoc.jar;C:\.program\java\.libraries\lwjgl-release-3.3.1-custom\lwjgl-glfw-natives-windows.jar;C:\.program\java\.libraries\lwjgl-release-3.3.1-custom\lwjgl-glfw-sources.jar;C:\.program\java\.libraries\lwjgl-release-3.3.1-custom\lwjgl-jawt.jar;C:\.program\java\.libraries\lwjgl-release-3.3.1-custom\lwjgl-jawt-javadoc.jar;C:\.program\
Launcher Type: SUN_STANDARD

[Global flags]
     intx CICompilerCount                          = 4                                         {product} {ergonomic}
     uint ConcGCThreads                            = 2                                         {product} {ergonomic}
     uint G1ConcRefinementThreads                  = 8                                         {product} {ergonomic}
   size_t G1HeapRegionSize                         = 1048576                                   {product} {ergonomic}
    uintx GCDrainStackTargetSize                   = 64                                        {product} {ergonomic}
   size_t InitialHeapSize                          = 132120576                                 {product} {ergonomic}
   size_t MarkStackSize                            = 4194304                                   {product} {ergonomic}
   size_t MaxHeapSize                              = 2105540608                                {product} {ergonomic}
   size_t MaxNewSize                               = 1262485504                                {product} {ergonomic}
   size_t MinHeapDeltaBytes                        = 1048576                                   {product} {ergonomic}
   size_t MinHeapSize                              = 8388608                                   {product} {ergonomic}
    uintx NonNMethodCodeHeapSize                   = 5839372                                {pd product} {ergonomic}
    uintx NonProfiledCodeHeapSize                  = 122909434                              {pd product} {ergonomic}
    uintx ProfiledCodeHeapSize                     = 122909434                              {pd product} {ergonomic}
    uintx ReservedCodeCacheSize                    = 251658240                              {pd product} {ergonomic}
     bool SegmentedCodeCache                       = true                                      {product} {ergonomic}
   size_t SoftMaxHeapSize                          = 2105540608                             {manageable} {ergonomic}
     bool UseCompressedClassPointers               = true                           {product lp64_product} {ergonomic}
     bool UseCompressedOops                        = true                           {product lp64_product} {ergonomic}
     bool UseG1GC                                  = true                                      {product} {ergonomic}
     bool UseLargePagesIndividualAllocation        = false                                  {pd product} {ergonomic}

Logging:
Log output configuration:
 #0: stdout all=warning uptime,level,tags
 #1: stderr all=off uptime,level,tags

Environment Variables:
JAVA_HOME=C:\Program Files\Java\jdk-17.0.1
PATH=C:\Program Files\Eclipse Adoptium\jdk-17.0.2.8-hotspot\bin;C:\Program Files\Java\jdk-20-pre\bin;C:\Program Files\Java\jre1.8.0_321;C:\Ruby32-x64\bin;C:\Program Files\WindowsApps\PythonSoftwareFoundation.Python.3.9_3.9.3568.0_x64__qbz5n2kfra8p0\python3.9.exe;C:\c++compiler\BCC102\bin;C:\Program Files\Lua\lua.exe;C:\Users\bondrewd\AppData\Local\bin\NASM\nasm.exe;C:\Program Files\Common Files\Oracle\Java\javapath;"C:\Program Files\Common Files\Oracle\Java\javapath;C:\Users\bondrewd\fXNgbv\jdk-17.0.1\bin";C:\Pr;gram Files (x86)\Common Files\Oracle\Java\javapath;C:\Windows\system32;C:\Windows;C:\Windows\System32\Wbem;C:\Windows\System32\WindowsPowerShell\v1.0\;C:\Windows\System32\OpenSSH\;C:\Program Files\WorldPainter;C:\Program Files\dotnet\;C:\Program Files\Git\cmd;;C:\TDM-GCC-64\bin;C:\Users\bondrewd\AppData\Local\Microsoft\WindowsApps;C:\Users\bondrewd\AppData\Local\Programs\Microsoft VS Code\bin;C:\Users\bondrewd\AppData\Local\GitHubDesktop\bin
USERNAME=bondrewd
OS=Windows_NT
PROCESSOR_IDENTIFIER=Intel64 Family 6 Model 142 Stepping 12, GenuineIntel



---------------  S Y S T E M  ---------------

OS:
 Windows 10 , 64 bit Build 19041 (10.0.19041.3570)
OS uptime: 1 days 13:19 hours

CPU: total 8 (initial active 8) (4 cores per cpu, 2 threads per core) family 6 model 142 stepping 12 microcode 0xea, cx8, cmov, fxsr, ht, mmx, 3dnowpref, sse, sse2, sse3, ssse3, sse4.1, sse4.2, popcnt, lzcnt, tsc, tscinvbit, avx, avx2, aes, erms, clmul, bmi1, bmi2, adx, fma, vzeroupper, clflush, clflushopt

Memory: 4k page, system-wide physical 8025M (1150M free)
TotalPageFile size 16105M (AvailPageFile size 2215M)
current process WorkingSet (physical memory assigned to process): 160M, peak: 160M
current process commit charge ("private bytes"): 260M, peak: 260M

vm_info: OpenJDK 64-Bit Server VM (17.0.2+8-86) for windows-amd64 JRE (17.0.2+8-86), built on Dec  7 2021 21:49:10 by "mach5one" with MS VC++ 16.8 / 16.9 (VS2019)

END.
