#
# A fatal error has been detected by the Java Runtime Environment:
#
#  EXCEPTION_ACCESS_VIOLATION (0xc0000005) at pc=0x00007ffa26f5cb60, pid=349032, tid=344452
#
# JRE version: Java(TM) SE Runtime Environment (17.0.1+12) (build 17.0.1+12-LTS-39)
# Java VM: Java HotSpot(TM) 64-Bit Server VM (17.0.1+12-LTS-39, mixed mode, sharing, tiered, compressed oops, compressed class ptrs, g1 gc, windows-amd64)
# Problematic frame:
# C  [nvoglv64.dll+0x193cb60]
#
# No core dump will be written. Minidumps are not enabled by default on client versions of Windows
#
# If you would like to submit a bug report, please visit:
#   https://bugreport.java.com/bugreport/crash.jsp
# The crash happened outside the Java Virtual Machine in native code.
# See problematic frame for where to report the bug.
#

---------------  S U M M A R Y ------------

Command Line: -Dfile.encoding=UTF-8 -Duser.country=JP -Duser.language=ja -Duser.variant Test000

Host: 13th Gen Intel(R) Core(TM) i5-13600KF, 20 cores, 31G,  Windows 10 , 64 bit Build 22621 (10.0.22621.3085)
Time: Mon Mar  4 15:52:59 2024  Windows 10 , 64 bit Build 22621 (10.0.22621.3085) elapsed time: 0.340912 seconds (0d 0h 0m 0s)

---------------  T H R E A D  ---------------

Current thread (0x000001a2d6cc9110):  JavaThread "main" [_thread_in_native, id=344452, stack(0x00000082c7e00000,0x00000082c7f00000)]

Stack: [0x00000082c7e00000,0x00000082c7f00000],  sp=0x00000082c7efedf8,  free space=1019k
Native frames: (J=compiled Java code, j=interpreted, Vv=VM code, C=native code)
C  [nvoglv64.dll+0x193cb60]

Java frames: (J=compiled Java code, j=interpreted, Vv=VM code)
j  org.lwjgl.opengl.GL11C.nglDrawElements(IIIJ)V+0
j  org.lwjgl.opengl.GL11C.glDrawElements(IIIJ)V+4
j  org.lwjgl.opengl.GL11.glDrawElements(IIIJ)V+4
j  org.glcf.main.VAO.draw(I)V+44
j  Test000$1.drawing()V+12
j  org.glcf.main.Window$$Lambda$40+0x0000000800c1ea38.accept(Ljava/lang/Object;)V+4
j  java.util.ArrayList.forEach(Ljava/util/function/Consumer;)V+46 java.base@17.0.1
j  org.glcf.main.Window.drawing()V+53
j  org.glcf.main.Window.run()V+8
j  Test000.main([Ljava/lang/String;)V+334
v  ~StubRoutines::call_stub

siginfo: EXCEPTION_ACCESS_VIOLATION (0xc0000005), reading address 0x0000000000000003


Register to memory mapping:

RIP=0x00007ffa26f5cb60 nvoglv64.dll
RAX=0x0000000000022006 is an unknown value
RBX=0x000001a2fe58347c points into unknown readable memory: 06 20 02 00
RCX=0x000001a2fe583498 points into unknown readable memory: 0x0000000000000000 | 00 00 00 00 00 00 00 00
RDX=0x0000000000000003 is an unknown value
RSP=0x00000082c7efedf8 is pointing into the stack for thread: 0x000001a2d6cc9110
RBP=0x0000000000000044 is an unknown value
RSI=0x0000000000000006 is an unknown value
RDI=0x000001a2ff1a7080 points into unknown readable memory: 0x0000000000000000 | 00 00 00 00 00 00 00 00
R8 =0x0000000000000018 is an unknown value
R9 =0x000001a2fe58347c points into unknown readable memory: 06 20 02 00
R10=0x0000000000000003 is an unknown value
R11=0x000001a2fe583498 points into unknown readable memory: 0x0000000000000000 | 00 00 00 00 00 00 00 00
R12=0x0000000000000004 is an unknown value
R13=0x0000000000001405 is an unknown value
R14=0x0000000000000018 is an unknown value
R15=0x0000000000000003 is an unknown value


Registers:
RAX=0x0000000000022006, RBX=0x000001a2fe58347c, RCX=0x000001a2fe583498, RDX=0x0000000000000003
RSP=0x00000082c7efedf8, RBP=0x0000000000000044, RSI=0x0000000000000006, RDI=0x000001a2ff1a7080
R8 =0x0000000000000018, R9 =0x000001a2fe58347c, R10=0x0000000000000003, R11=0x000001a2fe583498
R12=0x0000000000000004, R13=0x0000000000001405, R14=0x0000000000000018, R15=0x0000000000000003
RIP=0x00007ffa26f5cb60, EFLAGS=0x0000000000010283

Top of Stack: (sp=0x00000082c7efedf8)
0x00000082c7efedf8:   00007ffa2651ddcc 0000000000000110
0x00000082c7efee08:   000001a2fcda2b28 00000082c7efef28
0x00000082c7efee18:   00007ffa5482e342 000000000017555d
0x00000082c7efee28:   000001a2de4e74d0 000001a2d6cc9110
0x00000082c7efee38:   000001a2d6cc9110 000001a2fcda2b28
0x00000082c7efee48:   000001a2d6cc9110 000001a2de4c94fe
0x00000082c7efee58:   000001a2de4cd48e 000001a2d6cc9110
0x00000082c7efee68:   000001a2fcda2b28 0000000000000000
0x00000082c7efee78:   000001a2de4c94fe 0000000000000110
0x00000082c7efee88:   000001a2de4cd621 00000082c7efef28
0x00000082c7efee98:   00000082c7efee00 00000082c7efef68
0x00000082c7efeea8:   000001a2fcda2b28 000001a200001405
0x00000082c7efeeb8:   0000000000000003 3ff0000000000000
0x00000082c7efeec8:   000001a2d6cc9110 0000000000000110
0x00000082c7efeed8:   000001a2de4cd2f6 00000082c7efeee0
0x00000082c7efeee8:   000001a2fcda2b28 00000082c7efef68 

Instructions: (pc=0x00007ffa26f5cb60)
0x00007ffa26f5ca60:   33 c0 c3 1b c0 83 d8 ff c3 90 49 c1 e9 02 74 37
0x00007ffa26f5ca70:   48 8b 01 48 3b 04 11 75 5b 48 8b 41 08 48 3b 44
0x00007ffa26f5ca80:   11 08 75 4c 48 8b 41 10 48 3b 44 11 10 75 3d 48
0x00007ffa26f5ca90:   8b 41 18 48 3b 44 11 18 75 2e 48 83 c1 20 49 ff
0x00007ffa26f5caa0:   c9 75 cd 49 83 e0 1f 4d 8b c8 49 c1 e9 03 74 9b
0x00007ffa26f5cab0:   48 8b 01 48 3b 04 11 75 1b 48 83 c1 08 49 ff c9
0x00007ffa26f5cac0:   75 ee 49 83 e0 07 eb 83 48 83 c1 08 48 83 c1 08
0x00007ffa26f5cad0:   48 83 c1 08 48 8b 0c 0a 48 0f c8 48 0f c9 48 3b
0x00007ffa26f5cae0:   c1 1b c0 83 d8 ff c3 cc cc cc cc cc cc cc cc cc
0x00007ffa26f5caf0:   cc cc cc cc cc cc 66 66 0f 1f 84 00 00 00 00 00
0x00007ffa26f5cb00:   57 56 49 8b c3 48 8b f9 49 8b c8 49 8b f2 f3 a4
0x00007ffa26f5cb10:   5e 5f c3 cc cc cc cc cc cc 0f 1f 80 00 00 00 00
0x00007ffa26f5cb20:   4c 8b d9 4c 8b d2 49 83 f8 10 76 54 49 83 f8 20
0x00007ffa26f5cb30:   76 2e 48 2b d1 73 0d 4b 8d 04 10 48 3b c8 0f 82
0x00007ffa26f5cb40:   dc 02 00 00 49 81 f8 80 00 00 00 0f 86 0f 02 00
0x00007ffa26f5cb50:   00 f6 05 78 80 75 02 02 0f 84 52 01 00 00 eb a0
0x00007ffa26f5cb60:   0f 10 02 42 0f 10 4c 02 f0 0f 11 01 42 0f 11 4c
0x00007ffa26f5cb70:   01 f0 48 8b c1 c3 66 66 0f 1f 84 00 00 00 00 00
0x00007ffa26f5cb80:   48 8b c1 4c 8d 0d 76 34 6c fe 43 8b 8c 81 10 9a
0x00007ffa26f5cb90:   22 04 49 03 c9 ff e1 66 0f 1f 84 00 00 00 00 00
0x00007ffa26f5cba0:   c3 0f b7 0a 66 89 08 c3 48 8b 0a 48 89 08 c3 0f
0x00007ffa26f5cbb0:   b7 0a 44 0f b6 42 02 66 89 08 44 88 40 02 c3 0f
0x00007ffa26f5cbc0:   b6 0a 88 08 c3 f3 0f 6f 02 f3 0f 7f 00 c3 66 90
0x00007ffa26f5cbd0:   4c 8b 02 0f b7 4a 08 44 0f b6 4a 0a 4c 89 00 66
0x00007ffa26f5cbe0:   89 48 08 44 88 48 0a c3 8b 0a 89 08 c3 0f 1f 00
0x00007ffa26f5cbf0:   8b 0a 44 0f b6 42 04 89 08 44 88 40 04 c3 66 90
0x00007ffa26f5cc00:   8b 0a 44 0f b7 42 04 89 08 66 44 89 40 04 c3 90
0x00007ffa26f5cc10:   8b 0a 44 0f b7 42 04 44 0f b6 4a 06 89 08 66 44
0x00007ffa26f5cc20:   89 40 04 44 88 48 06 c3 4c 8b 02 8b 4a 08 44 0f
0x00007ffa26f5cc30:   b6 4a 0c 4c 89 00 89 48 08 44 88 48 0c c3 66 90
0x00007ffa26f5cc40:   4c 8b 02 0f b6 4a 08 4c 89 00 88 48 08 c3 66 90
0x00007ffa26f5cc50:   4c 8b 02 0f b7 4a 08 4c 89 00 66 89 48 08 c3 90 


Stack slot to memory mapping:
stack at sp + 0 slots: 0x00007ffa2651ddcc nvoglv64.dll
stack at sp + 1 slots: 0x0000000000000110 is an unknown value
stack at sp + 2 slots: {method} {0x000001a2fcda2b30} 'nglDrawElements' '(IIIJ)V' in 'org/lwjgl/opengl/GL11C'
stack at sp + 3 slots: 0x00000082c7efef28 is pointing into the stack for thread: 0x000001a2d6cc9110
stack at sp + 4 slots: 0x00007ffa5482e342 jvm.dll
stack at sp + 5 slots: 0x000000000017555d is an unknown value
stack at sp + 6 slots: 0x000001a2de4e74d0 is at code_begin+4176 in 
[CodeBlob (0x000001a2de4e6410)]
Framesize: 0
BufferBlob (0x000001a2de4e6410) used for native signature handlers
stack at sp + 7 slots: 0x000001a2d6cc9110 is a thread


---------------  P R O C E S S  ---------------

Threads class SMR info:
_java_thread_list=0x000001a2fc33fa80, length=14, elements={
0x000001a2d6cc9110, 0x000001a2fc1a7d60, 0x000001a2fc1ab400, 0x000001a2fc1c5e10,
0x000001a2fc1c66d0, 0x000001a2fc1c79b0, 0x000001a2fc1c8a80, 0x000001a2fc1f5450,
0x000001a2fc1f6210, 0x000001a2fc20af00, 0x000001a2fc2d53c0, 0x000001a2fc32c9a0,
0x000001a2fc33c370, 0x000001a2fc342e00
}

Java Threads: ( => current thread )
=>0x000001a2d6cc9110 JavaThread "main" [_thread_in_native, id=344452, stack(0x00000082c7e00000,0x00000082c7f00000)]
  0x000001a2fc1a7d60 JavaThread "Reference Handler" daemon [_thread_blocked, id=352032, stack(0x00000082c8500000,0x00000082c8600000)]
  0x000001a2fc1ab400 JavaThread "Finalizer" daemon [_thread_blocked, id=344140, stack(0x00000082c8600000,0x00000082c8700000)]
  0x000001a2fc1c5e10 JavaThread "Signal Dispatcher" daemon [_thread_blocked, id=350524, stack(0x00000082c8700000,0x00000082c8800000)]
  0x000001a2fc1c66d0 JavaThread "Attach Listener" daemon [_thread_blocked, id=351196, stack(0x00000082c8800000,0x00000082c8900000)]
  0x000001a2fc1c79b0 JavaThread "Service Thread" daemon [_thread_blocked, id=351788, stack(0x00000082c8900000,0x00000082c8a00000)]
  0x000001a2fc1c8a80 JavaThread "Monitor Deflation Thread" daemon [_thread_blocked, id=351852, stack(0x00000082c8a00000,0x00000082c8b00000)]
  0x000001a2fc1f5450 JavaThread "C2 CompilerThread0" daemon [_thread_blocked, id=350904, stack(0x00000082c8b00000,0x00000082c8c00000)]
  0x000001a2fc1f6210 JavaThread "C1 CompilerThread0" daemon [_thread_blocked, id=347464, stack(0x00000082c8c00000,0x00000082c8d00000)]
  0x000001a2fc20af00 JavaThread "Sweeper thread" daemon [_thread_blocked, id=330548, stack(0x00000082c8d00000,0x00000082c8e00000)]
  0x000001a2fc2d53c0 JavaThread "C1 CompilerThread1" daemon [_thread_blocked, id=350876, stack(0x00000082c8e00000,0x00000082c8f00000)]
  0x000001a2fc32c9a0 JavaThread "C1 CompilerThread2" daemon [_thread_blocked, id=349580, stack(0x00000082c8f00000,0x00000082c9000000)]
  0x000001a2fc33c370 JavaThread "Notification Thread" daemon [_thread_blocked, id=337068, stack(0x00000082c9000000,0x00000082c9100000)]
  0x000001a2fc342e00 JavaThread "Common-Cleaner" daemon [_thread_blocked, id=349452, stack(0x00000082c9200000,0x00000082c9300000)]

Other Threads:
  0x000001a2fc1a4410 VMThread "VM Thread" [stack: 0x00000082c8400000,0x00000082c8500000] [id=350668]
  0x000001a2d6d6a250 WatcherThread [stack: 0x00000082c9100000,0x00000082c9200000] [id=330180]
  0x000001a2d6d40f90 GCTaskThread "GC Thread#0" [stack: 0x00000082c7f00000,0x00000082c8000000] [id=348712]
  0x000001a2d6d51c60 ConcurrentGCThread "G1 Main Marker" [stack: 0x00000082c8000000,0x00000082c8100000] [id=348096]
  0x000001a2d6d52d10 ConcurrentGCThread "G1 Conc#0" [stack: 0x00000082c8100000,0x00000082c8200000] [id=345928]
  0x000001a2fbe3d850 ConcurrentGCThread "G1 Refine#0" [stack: 0x00000082c8200000,0x00000082c8300000] [id=351716]
  0x000001a2fbe3e380 ConcurrentGCThread "G1 Service" [stack: 0x00000082c8300000,0x00000082c8400000] [id=349076]

Threads with active compile tasks:

VM state: not at safepoint (normal execution)

VM Mutex/Monitor currently owned by a thread: None

Heap address: 0x0000000602c00000, size: 8148 MB, Compressed Oops mode: Zero based, Oop shift amount: 3

CDS archive(s) mapped at: [0x0000000800000000-0x0000000800bc0000-0x0000000800bc0000), size 12320768, SharedBaseAddress: 0x0000000800000000, ArchiveRelocationMode: 0.
Compressed class space mapped at: 0x0000000800c00000-0x0000000840c00000, reserved size: 1073741824
Narrow klass base: 0x0000000800000000, Narrow klass shift: 0, Narrow klass range: 0x100000000

GC Precious Log:
 CPUs: 20 total, 20 available
 Memory: 32581M
 Large Page Support: Disabled
 NUMA Support: Disabled
 Compressed Oops: Enabled (Zero based)
 Heap Region Size: 4M
 Heap Min Capacity: 8M
 Heap Initial Capacity: 512M
 Heap Max Capacity: 8148M
 Pre-touch: Disabled
 Parallel Workers: 15
 Concurrent Workers: 4
 Concurrent Refinement Workers: 15
 Periodic GC: Disabled

Heap:
 garbage-first heap   total 524288K, used 12288K [0x0000000602c00000, 0x0000000800000000)
  region size 4096K, 4 young (16384K), 0 survivors (0K)
 Metaspace       used 3675K, committed 3840K, reserved 1056768K
  class space    used 201K, committed 256K, reserved 1048576K

Heap Regions: E=young(eden), S=young(survivor), O=old, HS=humongous(starts), HC=humongous(continues), CS=collection set, F=free, OA=open archive, CA=closed archive, TAMS=top-at-mark-start (previous, next)
|   0|0x0000000602c00000, 0x0000000602c00000, 0x0000000603000000|  0%| F|  |TAMS 0x0000000602c00000, 0x0000000602c00000| Untracked 
|   1|0x0000000603000000, 0x0000000603000000, 0x0000000603400000|  0%| F|  |TAMS 0x0000000603000000, 0x0000000603000000| Untracked 
|   2|0x0000000603400000, 0x0000000603400000, 0x0000000603800000|  0%| F|  |TAMS 0x0000000603400000, 0x0000000603400000| Untracked 
|   3|0x0000000603800000, 0x0000000603800000, 0x0000000603c00000|  0%| F|  |TAMS 0x0000000603800000, 0x0000000603800000| Untracked 
|   4|0x0000000603c00000, 0x0000000603c00000, 0x0000000604000000|  0%| F|  |TAMS 0x0000000603c00000, 0x0000000603c00000| Untracked 
|   5|0x0000000604000000, 0x0000000604000000, 0x0000000604400000|  0%| F|  |TAMS 0x0000000604000000, 0x0000000604000000| Untracked 
|   6|0x0000000604400000, 0x0000000604400000, 0x0000000604800000|  0%| F|  |TAMS 0x0000000604400000, 0x0000000604400000| Untracked 
|   7|0x0000000604800000, 0x0000000604800000, 0x0000000604c00000|  0%| F|  |TAMS 0x0000000604800000, 0x0000000604800000| Untracked 
|   8|0x0000000604c00000, 0x0000000604c00000, 0x0000000605000000|  0%| F|  |TAMS 0x0000000604c00000, 0x0000000604c00000| Untracked 
|   9|0x0000000605000000, 0x0000000605000000, 0x0000000605400000|  0%| F|  |TAMS 0x0000000605000000, 0x0000000605000000| Untracked 
|  10|0x0000000605400000, 0x0000000605400000, 0x0000000605800000|  0%| F|  |TAMS 0x0000000605400000, 0x0000000605400000| Untracked 
|  11|0x0000000605800000, 0x0000000605800000, 0x0000000605c00000|  0%| F|  |TAMS 0x0000000605800000, 0x0000000605800000| Untracked 
|  12|0x0000000605c00000, 0x0000000605c00000, 0x0000000606000000|  0%| F|  |TAMS 0x0000000605c00000, 0x0000000605c00000| Untracked 
|  13|0x0000000606000000, 0x0000000606000000, 0x0000000606400000|  0%| F|  |TAMS 0x0000000606000000, 0x0000000606000000| Untracked 
|  14|0x0000000606400000, 0x0000000606400000, 0x0000000606800000|  0%| F|  |TAMS 0x0000000606400000, 0x0000000606400000| Untracked 
|  15|0x0000000606800000, 0x0000000606800000, 0x0000000606c00000|  0%| F|  |TAMS 0x0000000606800000, 0x0000000606800000| Untracked 
|  16|0x0000000606c00000, 0x0000000606c00000, 0x0000000607000000|  0%| F|  |TAMS 0x0000000606c00000, 0x0000000606c00000| Untracked 
|  17|0x0000000607000000, 0x0000000607000000, 0x0000000607400000|  0%| F|  |TAMS 0x0000000607000000, 0x0000000607000000| Untracked 
|  18|0x0000000607400000, 0x0000000607400000, 0x0000000607800000|  0%| F|  |TAMS 0x0000000607400000, 0x0000000607400000| Untracked 
|  19|0x0000000607800000, 0x0000000607800000, 0x0000000607c00000|  0%| F|  |TAMS 0x0000000607800000, 0x0000000607800000| Untracked 
|  20|0x0000000607c00000, 0x0000000607c00000, 0x0000000608000000|  0%| F|  |TAMS 0x0000000607c00000, 0x0000000607c00000| Untracked 
|  21|0x0000000608000000, 0x0000000608000000, 0x0000000608400000|  0%| F|  |TAMS 0x0000000608000000, 0x0000000608000000| Untracked 
|  22|0x0000000608400000, 0x0000000608400000, 0x0000000608800000|  0%| F|  |TAMS 0x0000000608400000, 0x0000000608400000| Untracked 
|  23|0x0000000608800000, 0x0000000608800000, 0x0000000608c00000|  0%| F|  |TAMS 0x0000000608800000, 0x0000000608800000| Untracked 
|  24|0x0000000608c00000, 0x0000000608c00000, 0x0000000609000000|  0%| F|  |TAMS 0x0000000608c00000, 0x0000000608c00000| Untracked 
|  25|0x0000000609000000, 0x0000000609000000, 0x0000000609400000|  0%| F|  |TAMS 0x0000000609000000, 0x0000000609000000| Untracked 
|  26|0x0000000609400000, 0x0000000609400000, 0x0000000609800000|  0%| F|  |TAMS 0x0000000609400000, 0x0000000609400000| Untracked 
|  27|0x0000000609800000, 0x0000000609800000, 0x0000000609c00000|  0%| F|  |TAMS 0x0000000609800000, 0x0000000609800000| Untracked 
|  28|0x0000000609c00000, 0x0000000609c00000, 0x000000060a000000|  0%| F|  |TAMS 0x0000000609c00000, 0x0000000609c00000| Untracked 
|  29|0x000000060a000000, 0x000000060a000000, 0x000000060a400000|  0%| F|  |TAMS 0x000000060a000000, 0x000000060a000000| Untracked 
|  30|0x000000060a400000, 0x000000060a400000, 0x000000060a800000|  0%| F|  |TAMS 0x000000060a400000, 0x000000060a400000| Untracked 
|  31|0x000000060a800000, 0x000000060a800000, 0x000000060ac00000|  0%| F|  |TAMS 0x000000060a800000, 0x000000060a800000| Untracked 
|  32|0x000000060ac00000, 0x000000060ac00000, 0x000000060b000000|  0%| F|  |TAMS 0x000000060ac00000, 0x000000060ac00000| Untracked 
|  33|0x000000060b000000, 0x000000060b000000, 0x000000060b400000|  0%| F|  |TAMS 0x000000060b000000, 0x000000060b000000| Untracked 
|  34|0x000000060b400000, 0x000000060b400000, 0x000000060b800000|  0%| F|  |TAMS 0x000000060b400000, 0x000000060b400000| Untracked 
|  35|0x000000060b800000, 0x000000060b800000, 0x000000060bc00000|  0%| F|  |TAMS 0x000000060b800000, 0x000000060b800000| Untracked 
|  36|0x000000060bc00000, 0x000000060bc00000, 0x000000060c000000|  0%| F|  |TAMS 0x000000060bc00000, 0x000000060bc00000| Untracked 
|  37|0x000000060c000000, 0x000000060c000000, 0x000000060c400000|  0%| F|  |TAMS 0x000000060c000000, 0x000000060c000000| Untracked 
|  38|0x000000060c400000, 0x000000060c400000, 0x000000060c800000|  0%| F|  |TAMS 0x000000060c400000, 0x000000060c400000| Untracked 
|  39|0x000000060c800000, 0x000000060c800000, 0x000000060cc00000|  0%| F|  |TAMS 0x000000060c800000, 0x000000060c800000| Untracked 
|  40|0x000000060cc00000, 0x000000060cc00000, 0x000000060d000000|  0%| F|  |TAMS 0x000000060cc00000, 0x000000060cc00000| Untracked 
|  41|0x000000060d000000, 0x000000060d000000, 0x000000060d400000|  0%| F|  |TAMS 0x000000060d000000, 0x000000060d000000| Untracked 
|  42|0x000000060d400000, 0x000000060d400000, 0x000000060d800000|  0%| F|  |TAMS 0x000000060d400000, 0x000000060d400000| Untracked 
|  43|0x000000060d800000, 0x000000060d800000, 0x000000060dc00000|  0%| F|  |TAMS 0x000000060d800000, 0x000000060d800000| Untracked 
|  44|0x000000060dc00000, 0x000000060dc00000, 0x000000060e000000|  0%| F|  |TAMS 0x000000060dc00000, 0x000000060dc00000| Untracked 
|  45|0x000000060e000000, 0x000000060e000000, 0x000000060e400000|  0%| F|  |TAMS 0x000000060e000000, 0x000000060e000000| Untracked 
|  46|0x000000060e400000, 0x000000060e400000, 0x000000060e800000|  0%| F|  |TAMS 0x000000060e400000, 0x000000060e400000| Untracked 
|  47|0x000000060e800000, 0x000000060e800000, 0x000000060ec00000|  0%| F|  |TAMS 0x000000060e800000, 0x000000060e800000| Untracked 
|  48|0x000000060ec00000, 0x000000060ec00000, 0x000000060f000000|  0%| F|  |TAMS 0x000000060ec00000, 0x000000060ec00000| Untracked 
|  49|0x000000060f000000, 0x000000060f000000, 0x000000060f400000|  0%| F|  |TAMS 0x000000060f000000, 0x000000060f000000| Untracked 
|  50|0x000000060f400000, 0x000000060f400000, 0x000000060f800000|  0%| F|  |TAMS 0x000000060f400000, 0x000000060f400000| Untracked 
|  51|0x000000060f800000, 0x000000060f800000, 0x000000060fc00000|  0%| F|  |TAMS 0x000000060f800000, 0x000000060f800000| Untracked 
|  52|0x000000060fc00000, 0x000000060fc00000, 0x0000000610000000|  0%| F|  |TAMS 0x000000060fc00000, 0x000000060fc00000| Untracked 
|  53|0x0000000610000000, 0x0000000610000000, 0x0000000610400000|  0%| F|  |TAMS 0x0000000610000000, 0x0000000610000000| Untracked 
|  54|0x0000000610400000, 0x0000000610400000, 0x0000000610800000|  0%| F|  |TAMS 0x0000000610400000, 0x0000000610400000| Untracked 
|  55|0x0000000610800000, 0x0000000610800000, 0x0000000610c00000|  0%| F|  |TAMS 0x0000000610800000, 0x0000000610800000| Untracked 
|  56|0x0000000610c00000, 0x0000000610c00000, 0x0000000611000000|  0%| F|  |TAMS 0x0000000610c00000, 0x0000000610c00000| Untracked 
|  57|0x0000000611000000, 0x0000000611000000, 0x0000000611400000|  0%| F|  |TAMS 0x0000000611000000, 0x0000000611000000| Untracked 
|  58|0x0000000611400000, 0x0000000611400000, 0x0000000611800000|  0%| F|  |TAMS 0x0000000611400000, 0x0000000611400000| Untracked 
|  59|0x0000000611800000, 0x0000000611800000, 0x0000000611c00000|  0%| F|  |TAMS 0x0000000611800000, 0x0000000611800000| Untracked 
|  60|0x0000000611c00000, 0x0000000611c00000, 0x0000000612000000|  0%| F|  |TAMS 0x0000000611c00000, 0x0000000611c00000| Untracked 
|  61|0x0000000612000000, 0x0000000612000000, 0x0000000612400000|  0%| F|  |TAMS 0x0000000612000000, 0x0000000612000000| Untracked 
|  62|0x0000000612400000, 0x0000000612400000, 0x0000000612800000|  0%| F|  |TAMS 0x0000000612400000, 0x0000000612400000| Untracked 
|  63|0x0000000612800000, 0x0000000612800000, 0x0000000612c00000|  0%| F|  |TAMS 0x0000000612800000, 0x0000000612800000| Untracked 
|  64|0x0000000612c00000, 0x0000000612c00000, 0x0000000613000000|  0%| F|  |TAMS 0x0000000612c00000, 0x0000000612c00000| Untracked 
|  65|0x0000000613000000, 0x0000000613000000, 0x0000000613400000|  0%| F|  |TAMS 0x0000000613000000, 0x0000000613000000| Untracked 
|  66|0x0000000613400000, 0x0000000613400000, 0x0000000613800000|  0%| F|  |TAMS 0x0000000613400000, 0x0000000613400000| Untracked 
|  67|0x0000000613800000, 0x0000000613800000, 0x0000000613c00000|  0%| F|  |TAMS 0x0000000613800000, 0x0000000613800000| Untracked 
|  68|0x0000000613c00000, 0x0000000613c00000, 0x0000000614000000|  0%| F|  |TAMS 0x0000000613c00000, 0x0000000613c00000| Untracked 
|  69|0x0000000614000000, 0x0000000614000000, 0x0000000614400000|  0%| F|  |TAMS 0x0000000614000000, 0x0000000614000000| Untracked 
|  70|0x0000000614400000, 0x0000000614400000, 0x0000000614800000|  0%| F|  |TAMS 0x0000000614400000, 0x0000000614400000| Untracked 
|  71|0x0000000614800000, 0x0000000614800000, 0x0000000614c00000|  0%| F|  |TAMS 0x0000000614800000, 0x0000000614800000| Untracked 
|  72|0x0000000614c00000, 0x0000000614c00000, 0x0000000615000000|  0%| F|  |TAMS 0x0000000614c00000, 0x0000000614c00000| Untracked 
|  73|0x0000000615000000, 0x0000000615000000, 0x0000000615400000|  0%| F|  |TAMS 0x0000000615000000, 0x0000000615000000| Untracked 
|  74|0x0000000615400000, 0x0000000615400000, 0x0000000615800000|  0%| F|  |TAMS 0x0000000615400000, 0x0000000615400000| Untracked 
|  75|0x0000000615800000, 0x0000000615800000, 0x0000000615c00000|  0%| F|  |TAMS 0x0000000615800000, 0x0000000615800000| Untracked 
|  76|0x0000000615c00000, 0x0000000615c00000, 0x0000000616000000|  0%| F|  |TAMS 0x0000000615c00000, 0x0000000615c00000| Untracked 
|  77|0x0000000616000000, 0x0000000616000000, 0x0000000616400000|  0%| F|  |TAMS 0x0000000616000000, 0x0000000616000000| Untracked 
|  78|0x0000000616400000, 0x0000000616400000, 0x0000000616800000|  0%| F|  |TAMS 0x0000000616400000, 0x0000000616400000| Untracked 
|  79|0x0000000616800000, 0x0000000616800000, 0x0000000616c00000|  0%| F|  |TAMS 0x0000000616800000, 0x0000000616800000| Untracked 
|  80|0x0000000616c00000, 0x0000000616c00000, 0x0000000617000000|  0%| F|  |TAMS 0x0000000616c00000, 0x0000000616c00000| Untracked 
|  81|0x0000000617000000, 0x0000000617000000, 0x0000000617400000|  0%| F|  |TAMS 0x0000000617000000, 0x0000000617000000| Untracked 
|  82|0x0000000617400000, 0x0000000617400000, 0x0000000617800000|  0%| F|  |TAMS 0x0000000617400000, 0x0000000617400000| Untracked 
|  83|0x0000000617800000, 0x0000000617800000, 0x0000000617c00000|  0%| F|  |TAMS 0x0000000617800000, 0x0000000617800000| Untracked 
|  84|0x0000000617c00000, 0x0000000617c00000, 0x0000000618000000|  0%| F|  |TAMS 0x0000000617c00000, 0x0000000617c00000| Untracked 
|  85|0x0000000618000000, 0x0000000618000000, 0x0000000618400000|  0%| F|  |TAMS 0x0000000618000000, 0x0000000618000000| Untracked 
|  86|0x0000000618400000, 0x0000000618400000, 0x0000000618800000|  0%| F|  |TAMS 0x0000000618400000, 0x0000000618400000| Untracked 
|  87|0x0000000618800000, 0x0000000618800000, 0x0000000618c00000|  0%| F|  |TAMS 0x0000000618800000, 0x0000000618800000| Untracked 
|  88|0x0000000618c00000, 0x0000000618c00000, 0x0000000619000000|  0%| F|  |TAMS 0x0000000618c00000, 0x0000000618c00000| Untracked 
|  89|0x0000000619000000, 0x0000000619000000, 0x0000000619400000|  0%| F|  |TAMS 0x0000000619000000, 0x0000000619000000| Untracked 
|  90|0x0000000619400000, 0x0000000619400000, 0x0000000619800000|  0%| F|  |TAMS 0x0000000619400000, 0x0000000619400000| Untracked 
|  91|0x0000000619800000, 0x0000000619800000, 0x0000000619c00000|  0%| F|  |TAMS 0x0000000619800000, 0x0000000619800000| Untracked 
|  92|0x0000000619c00000, 0x0000000619c00000, 0x000000061a000000|  0%| F|  |TAMS 0x0000000619c00000, 0x0000000619c00000| Untracked 
|  93|0x000000061a000000, 0x000000061a000000, 0x000000061a400000|  0%| F|  |TAMS 0x000000061a000000, 0x000000061a000000| Untracked 
|  94|0x000000061a400000, 0x000000061a400000, 0x000000061a800000|  0%| F|  |TAMS 0x000000061a400000, 0x000000061a400000| Untracked 
|  95|0x000000061a800000, 0x000000061a800000, 0x000000061ac00000|  0%| F|  |TAMS 0x000000061a800000, 0x000000061a800000| Untracked 
|  96|0x000000061ac00000, 0x000000061ac00000, 0x000000061b000000|  0%| F|  |TAMS 0x000000061ac00000, 0x000000061ac00000| Untracked 
|  97|0x000000061b000000, 0x000000061b000000, 0x000000061b400000|  0%| F|  |TAMS 0x000000061b000000, 0x000000061b000000| Untracked 
|  98|0x000000061b400000, 0x000000061b400000, 0x000000061b800000|  0%| F|  |TAMS 0x000000061b400000, 0x000000061b400000| Untracked 
|  99|0x000000061b800000, 0x000000061b800000, 0x000000061bc00000|  0%| F|  |TAMS 0x000000061b800000, 0x000000061b800000| Untracked 
| 100|0x000000061bc00000, 0x000000061bc00000, 0x000000061c000000|  0%| F|  |TAMS 0x000000061bc00000, 0x000000061bc00000| Untracked 
| 101|0x000000061c000000, 0x000000061c000000, 0x000000061c400000|  0%| F|  |TAMS 0x000000061c000000, 0x000000061c000000| Untracked 
| 102|0x000000061c400000, 0x000000061c400000, 0x000000061c800000|  0%| F|  |TAMS 0x000000061c400000, 0x000000061c400000| Untracked 
| 103|0x000000061c800000, 0x000000061c800000, 0x000000061cc00000|  0%| F|  |TAMS 0x000000061c800000, 0x000000061c800000| Untracked 
| 104|0x000000061cc00000, 0x000000061cc00000, 0x000000061d000000|  0%| F|  |TAMS 0x000000061cc00000, 0x000000061cc00000| Untracked 
| 105|0x000000061d000000, 0x000000061d000000, 0x000000061d400000|  0%| F|  |TAMS 0x000000061d000000, 0x000000061d000000| Untracked 
| 106|0x000000061d400000, 0x000000061d400000, 0x000000061d800000|  0%| F|  |TAMS 0x000000061d400000, 0x000000061d400000| Untracked 
| 107|0x000000061d800000, 0x000000061d800000, 0x000000061dc00000|  0%| F|  |TAMS 0x000000061d800000, 0x000000061d800000| Untracked 
| 108|0x000000061dc00000, 0x000000061dc00000, 0x000000061e000000|  0%| F|  |TAMS 0x000000061dc00000, 0x000000061dc00000| Untracked 
| 109|0x000000061e000000, 0x000000061e000000, 0x000000061e400000|  0%| F|  |TAMS 0x000000061e000000, 0x000000061e000000| Untracked 
| 110|0x000000061e400000, 0x000000061e400000, 0x000000061e800000|  0%| F|  |TAMS 0x000000061e400000, 0x000000061e400000| Untracked 
| 111|0x000000061e800000, 0x000000061e800000, 0x000000061ec00000|  0%| F|  |TAMS 0x000000061e800000, 0x000000061e800000| Untracked 
| 112|0x000000061ec00000, 0x000000061ec00000, 0x000000061f000000|  0%| F|  |TAMS 0x000000061ec00000, 0x000000061ec00000| Untracked 
| 113|0x000000061f000000, 0x000000061f000000, 0x000000061f400000|  0%| F|  |TAMS 0x000000061f000000, 0x000000061f000000| Untracked 
| 114|0x000000061f400000, 0x000000061f400000, 0x000000061f800000|  0%| F|  |TAMS 0x000000061f400000, 0x000000061f400000| Untracked 
| 115|0x000000061f800000, 0x000000061f800000, 0x000000061fc00000|  0%| F|  |TAMS 0x000000061f800000, 0x000000061f800000| Untracked 
| 116|0x000000061fc00000, 0x000000061fc00000, 0x0000000620000000|  0%| F|  |TAMS 0x000000061fc00000, 0x000000061fc00000| Untracked 
| 117|0x0000000620000000, 0x0000000620000000, 0x0000000620400000|  0%| F|  |TAMS 0x0000000620000000, 0x0000000620000000| Untracked 
| 118|0x0000000620400000, 0x0000000620400000, 0x0000000620800000|  0%| F|  |TAMS 0x0000000620400000, 0x0000000620400000| Untracked 
| 119|0x0000000620800000, 0x0000000620800000, 0x0000000620c00000|  0%| F|  |TAMS 0x0000000620800000, 0x0000000620800000| Untracked 
| 120|0x0000000620c00000, 0x0000000620c00000, 0x0000000621000000|  0%| F|  |TAMS 0x0000000620c00000, 0x0000000620c00000| Untracked 
| 121|0x0000000621000000, 0x0000000621000000, 0x0000000621400000|  0%| F|  |TAMS 0x0000000621000000, 0x0000000621000000| Untracked 
| 122|0x0000000621400000, 0x0000000621400000, 0x0000000621800000|  0%| F|  |TAMS 0x0000000621400000, 0x0000000621400000| Untracked 
| 123|0x0000000621800000, 0x0000000621800000, 0x0000000621c00000|  0%| F|  |TAMS 0x0000000621800000, 0x0000000621800000| Untracked 
| 124|0x0000000621c00000, 0x0000000621c7f8c8, 0x0000000622000000| 12%| E|  |TAMS 0x0000000621c00000, 0x0000000621c00000| Complete 
| 125|0x0000000622000000, 0x0000000622400000, 0x0000000622400000|100%| E|CS|TAMS 0x0000000622000000, 0x0000000622000000| Complete 
| 126|0x0000000622400000, 0x0000000622800000, 0x0000000622800000|100%| E|CS|TAMS 0x0000000622400000, 0x0000000622400000| Complete 
| 127|0x0000000622800000, 0x0000000622c00000, 0x0000000622c00000|100%| E|CS|TAMS 0x0000000622800000, 0x0000000622800000| Complete 

Card table byte_map: [0x000001a2eef50000,0x000001a2eff40000] _byte_map_base: 0x000001a2ebf3a000

Marking Bits (Prev, Next): (CMBitMap*) 0x000001a2d6d414a0, (CMBitMap*) 0x000001a2d6d414e0
 Prev Bits: [0x000001a2f0f30000, 0x000001a2f8e80000)
 Next Bits: [0x000001a280000000, 0x000001a287f50000)

Polling page: 0x000001a2d4bb0000

Metaspace:

Usage:
  Non-class:      3.39 MB used.
      Class:    201.67 KB used.
       Both:      3.59 MB used.

Virtual space:
  Non-class space:        8.00 MB reserved,       3.50 MB ( 44%) committed,  1 nodes.
      Class space:        1.00 GB reserved,     256.00 KB ( <1%) committed,  1 nodes.
             Both:        1.01 GB reserved,       3.75 MB ( <1%) committed. 

Chunk freelists:
   Non-Class:  1.84 MB
       Class:  3.63 MB
        Both:  5.47 MB

MaxMetaspaceSize: unlimited
CompressedClassSpaceSize: 1.00 GB
Initial GC threshold: 21.00 MB
Current GC threshold: 21.00 MB
CDS: on
MetaspaceReclaimPolicy: balanced
 - commit_granule_bytes: 65536.
 - commit_granule_words: 8192.
 - virtual_space_node_default_size: 1048576.
 - enlarge_chunks_in_place: 1.
 - new_chunks_are_fully_committed: 0.
 - uncommit_free_chunks: 1.
 - use_allocation_guard: 0.
 - handle_deallocations: 1.


Internal statistics:

num_allocs_failed_limit: 0.
num_arena_births: 68.
num_arena_deaths: 0.
num_vsnodes_births: 2.
num_vsnodes_deaths: 0.
num_space_committed: 58.
num_space_uncommitted: 0.
num_chunks_returned_to_freelist: 0.
num_chunks_taken_from_freelist: 169.
num_chunk_merges: 0.
num_chunk_splits: 103.
num_chunks_enlarged: 76.
num_purges: 0.
num_inconsistent_stats: 0.

CodeHeap 'non-profiled nmethods': size=119168Kb used=218Kb max_used=218Kb free=118949Kb
 bounds [0x000001a2e6060000, 0x000001a2e62d0000, 0x000001a2ed4c0000]
CodeHeap 'profiled nmethods': size=119104Kb used=1285Kb max_used=1285Kb free=117818Kb
 bounds [0x000001a2dec10000, 0x000001a2dee80000, 0x000001a2e6060000]
CodeHeap 'non-nmethods': size=7488Kb used=2671Kb max_used=2685Kb free=4817Kb
 bounds [0x000001a2de4c0000, 0x000001a2de770000, 0x000001a2dec10000]
 total_blobs=1701 nmethods=744 adapters=868
 compilation: enabled
              stopped_count=0, restarted_count=0
 full_count=0

Compilation events (20 events):
Event: 0.333 Thread 0x000001a2fc1f6210  734       3       java.util.ArrayDeque::pollFirst (36 bytes)
Event: 0.333 Thread 0x000001a2fc1f6210 nmethod 734 0x000001a2ded49110 code [0x000001a2ded492c0, 0x000001a2ded496d8]
Event: 0.333 Thread 0x000001a2fc1f6210  735       3       java.lang.StringConcatHelper::initialCoder (14 bytes)
Event: 0.333 Thread 0x000001a2fc1f6210 nmethod 735 0x000001a2ded49890 code [0x000001a2ded49a20, 0x000001a2ded49b38]
Event: 0.334 Thread 0x000001a2fc1f6210  736       3       java.lang.String::concat (15 bytes)
Event: 0.334 Thread 0x000001a2fc32c9a0  737       3       java.lang.StringConcatHelper::simpleConcat (94 bytes)
Event: 0.334 Thread 0x000001a2fc2d53c0  738       3       java.lang.StringConcatHelper::newString (67 bytes)
Event: 0.334 Thread 0x000001a2fc2d53c0 nmethod 738 0x000001a2ded49b90 code [0x000001a2ded49e00, 0x000001a2ded4a888]
Event: 0.334 Thread 0x000001a2fc2d53c0  739       3       sun.invoke.util.VerifyAccess::isSamePackage (37 bytes)
Event: 0.334 Thread 0x000001a2fc32c9a0 nmethod 737 0x000001a2ded4ac10 code [0x000001a2ded4af40, 0x000001a2ded4c378]
Event: 0.334 Thread 0x000001a2fc1f6210 nmethod 736 0x000001a2ded4ca90 code [0x000001a2ded4cdc0, 0x000001a2ded4e258]
Event: 0.335 Thread 0x000001a2fc2d53c0 nmethod 739 0x000001a2ded4e990 code [0x000001a2ded4ecc0, 0x000001a2ded502d8]
Event: 0.335 Thread 0x000001a2fc1f5450  740       4       jdk.internal.misc.Unsafe::putReferenceRelease (9 bytes)
Event: 0.336 Thread 0x000001a2fc1f5450 nmethod 740 0x000001a2e6095b90 code [0x000001a2e6095d00, 0x000001a2e6095e38]
Event: 0.336 Thread 0x000001a2fc1f5450  741       4       java.lang.String::substring (58 bytes)
Event: 0.338 Thread 0x000001a2fc1f6210  742       3       org.lwjgl.system.MemoryUtil::memLengthASCII (31 bytes)
Event: 0.338 Thread 0x000001a2fc1f6210 nmethod 742 0x000001a2ded50910 code [0x000001a2ded50ac0, 0x000001a2ded50dd8]
Event: 0.338 Thread 0x000001a2fc1f6210  744       3       java.lang.invoke.MemberName::getName (25 bytes)
Event: 0.338 Thread 0x000001a2fc1f5450 nmethod 741 0x000001a2e6096190 code [0x000001a2e6096320, 0x000001a2e6096878]
Event: 0.338 Thread 0x000001a2fc1f6210 nmethod 744 0x000001a2ded50f10 code [0x000001a2ded510e0, 0x000001a2ded51488]

GC Heap History (0 events):
No events

Deoptimization events (20 events):
Event: 0.042 Thread 0x000001a2d6cc9110 Uncommon trap: trap_request=0xffffff45 fr.pc=0x000001a2e6061078 relative=0x0000000000000078
Event: 0.042 Thread 0x000001a2d6cc9110 Uncommon trap: reason=unstable_if action=reinterpret pc=0x000001a2e6061078 method=java.lang.String.isLatin1()Z @ 10 c2
Event: 0.042 Thread 0x000001a2d6cc9110 DEOPT PACKING pc=0x000001a2e6061078 sp=0x00000082c7efd700
Event: 0.042 Thread 0x000001a2d6cc9110 DEOPT UNPACKING pc=0x000001a2de5123a3 sp=0x00000082c7efd640 mode 2
Event: 0.065 Thread 0x000001a2d6cc9110 DEOPT PACKING pc=0x000001a2dec19fe7 sp=0x00000082c7efaf30
Event: 0.065 Thread 0x000001a2d6cc9110 DEOPT UNPACKING pc=0x000001a2de512b43 sp=0x00000082c7efa350 mode 0
Event: 0.070 Thread 0x000001a2d6cc9110 DEOPT PACKING pc=0x000001a2dec17d51 sp=0x00000082c7efa860
Event: 0.070 Thread 0x000001a2d6cc9110 DEOPT UNPACKING pc=0x000001a2de512b43 sp=0x00000082c7ef9cd8 mode 0
Event: 0.106 Thread 0x000001a2d6cc9110 Uncommon trap: trap_request=0xffffff45 fr.pc=0x000001a2e6068464 relative=0x0000000000000064
Event: 0.106 Thread 0x000001a2d6cc9110 Uncommon trap: reason=unstable_if action=reinterpret pc=0x000001a2e6068464 method=java.io.WinNTFileSystem.isSlash(C)Z @ 9 c2
Event: 0.106 Thread 0x000001a2d6cc9110 DEOPT PACKING pc=0x000001a2e6068464 sp=0x00000082c7efb830
Event: 0.106 Thread 0x000001a2d6cc9110 DEOPT UNPACKING pc=0x000001a2de5123a3 sp=0x00000082c7efb7b8 mode 2
Event: 0.123 Thread 0x000001a2d6cc9110 DEOPT PACKING pc=0x000001a2dec301e5 sp=0x00000082c7efb620
Event: 0.123 Thread 0x000001a2d6cc9110 DEOPT UNPACKING pc=0x000001a2de512b43 sp=0x00000082c7efaa70 mode 0
Event: 0.127 Thread 0x000001a2d6cc9110 DEOPT PACKING pc=0x000001a2dec301e5 sp=0x00000082c7efce40
Event: 0.127 Thread 0x000001a2d6cc9110 DEOPT UNPACKING pc=0x000001a2de512b43 sp=0x00000082c7efc290 mode 0
Event: 0.292 Thread 0x000001a2d6cc9110 Uncommon trap: trap_request=0xffffff54 fr.pc=0x000001a2e608fce0 relative=0x0000000000000060
Event: 0.292 Thread 0x000001a2d6cc9110 Uncommon trap: reason=speculate_null_assert action=make_not_entrant pc=0x000001a2e608fce0 method=sun.misc.Unsafe.putLong(Ljava/lang/Object;JJ)V @ 7 c2
Event: 0.292 Thread 0x000001a2d6cc9110 DEOPT PACKING pc=0x000001a2e608fce0 sp=0x00000082c7efee70
Event: 0.292 Thread 0x000001a2d6cc9110 DEOPT UNPACKING pc=0x000001a2de5123a3 sp=0x00000082c7efede8 mode 2

Classes unloaded (0 events):
No events

Classes redefined (0 events):
No events

Internal exceptions (20 events):
Event: 0.087 Thread 0x000001a2d6cc9110 Exception <a 'java/lang/NoSuchMethodError'{0x000000062265b4c8}: 'void java.lang.invoke.DirectMethodHandle$Holder.invokeSpecial(java.lang.Object, java.lang.Object, java.lang.Object)'> (0x000000062265b4c8) 
thrown [t:\workspace\open\src\hotspot\share\interpreter\linkResolver.cpp, line 766]
Event: 0.089 Thread 0x000001a2d6cc9110 Exception <a 'java/lang/NoSuchMethodError'{0x000000062266e850}: 'java.lang.Object java.lang.invoke.DirectMethodHandle$Holder.invokeStatic(java.lang.Object, java.lang.Object, int)'> (0x000000062266e850) 
thrown [t:\workspace\open\src\hotspot\share\interpreter\linkResolver.cpp, line 766]
Event: 0.090 Thread 0x000001a2d6cc9110 Exception <a 'java/lang/NoSuchMethodError'{0x000000062267a810}: 'void java.lang.invoke.DelegatingMethodHandle$Holder.delegate(java.lang.Object, java.lang.Object, int, java.lang.Object)'> (0x000000062267a810) 
thrown [t:\workspace\open\src\hotspot\share\interpreter\linkResolver.cpp, line 766]
Event: 0.090 Thread 0x000001a2d6cc9110 Exception <a 'java/lang/NoSuchMethodError'{0x000000062267ea50}: 'int java.lang.invoke.DirectMethodHandle$Holder.invokeSpecial(java.lang.Object, java.lang.Object, java.lang.Object)'> (0x000000062267ea50) 
thrown [t:\workspace\open\src\hotspot\share\interpreter\linkResolver.cpp, line 766]
Event: 0.110 Thread 0x000001a2d6cc9110 Exception <a 'sun/nio/fs/WindowsException'{0x00000006227035d8}> (0x00000006227035d8) 
thrown [t:\workspace\open\src\hotspot\share\prims\jni.cpp, line 516]
Event: 0.110 Thread 0x000001a2d6cc9110 Exception <a 'sun/nio/fs/WindowsException'{0x0000000622703b28}> (0x0000000622703b28) 
thrown [t:\workspace\open\src\hotspot\share\prims\jni.cpp, line 516]
Event: 0.119 Thread 0x000001a2d6cc9110 Exception <a 'java/lang/NoSuchMethodError'{0x00000006227a1550}: 'int java.lang.invoke.DirectMethodHandle$Holder.invokeStaticInit(java.lang.Object, java.lang.Object, int, long)'> (0x00000006227a1550) 
thrown [t:\workspace\open\src\hotspot\share\interpreter\linkResolver.cpp, line 766]
Event: 0.120 Thread 0x000001a2d6cc9110 Exception <a 'java/lang/NoSuchMethodError'{0x00000006227a6e18}: 'java.lang.Object java.lang.invoke.DirectMethodHandle$Holder.newInvokeSpecial(java.lang.Object, java.lang.Object, int)'> (0x00000006227a6e18) 
thrown [t:\workspace\open\src\hotspot\share\interpreter\linkResolver.cpp, line 766]
Event: 0.121 Thread 0x000001a2d6cc9110 Exception <a 'java/lang/NoSuchMethodError'{0x00000006227b8e98}: 'int java.lang.invoke.DirectMethodHandle$Holder.invokeStaticInit(java.lang.Object, java.lang.Object, long, long)'> (0x00000006227b8e98) 
thrown [t:\workspace\open\src\hotspot\share\interpreter\linkResolver.cpp, line 766]
Event: 0.121 Thread 0x000001a2d6cc9110 Exception <a 'java/lang/NoSuchMethodError'{0x00000006227befa8}: 'java.lang.Object java.lang.invoke.DirectMethodHandle$Holder.newInvokeSpecial(java.lang.Object, java.lang.Object, long)'> (0x00000006227befa8) 
thrown [t:\workspace\open\src\hotspot\share\interpreter\linkResolver.cpp, line 766]
Event: 0.121 Thread 0x000001a2d6cc9110 Exception <a 'java/lang/NoSuchMethodError'{0x00000006227c2ff0}: 'java.lang.Object java.lang.invoke.Invokers$Holder.linkToTargetMethod(java.lang.Object, long, java.lang.Object)'> (0x00000006227c2ff0) 
thrown [t:\workspace\open\src\hotspot\share\interpreter\linkResolver.cpp, line 766]
Event: 0.122 Thread 0x000001a2d6cc9110 Exception <a 'java/lang/NoSuchMethodError'{0x00000006227ca708}: 'int java.lang.invoke.DirectMethodHandle$Holder.invokeStaticInit(java.lang.Object, java.lang.Object, java.lang.Object, long)'> (0x00000006227ca708) 
thrown [t:\workspace\open\src\hotspot\share\interpreter\linkResolver.cpp, line 766]
Event: 0.133 Thread 0x000001a2d6cc9110 Exception <a 'sun/nio/fs/WindowsException'{0x00000006220ab570}> (0x00000006220ab570) 
thrown [t:\workspace\open\src\hotspot\share\prims\jni.cpp, line 516]
Event: 0.133 Thread 0x000001a2d6cc9110 Exception <a 'sun/nio/fs/WindowsException'{0x00000006220ab8d0}> (0x00000006220ab8d0) 
thrown [t:\workspace\open\src\hotspot\share\prims\jni.cpp, line 516]
Event: 0.280 Thread 0x000001a2d6cc9110 Exception <a 'sun/nio/fs/WindowsException'{0x00000006221430b8}> (0x00000006221430b8) 
thrown [t:\workspace\open\src\hotspot\share\prims\jni.cpp, line 516]
Event: 0.280 Thread 0x000001a2d6cc9110 Exception <a 'sun/nio/fs/WindowsException'{0x0000000622143460}> (0x0000000622143460) 
thrown [t:\workspace\open\src\hotspot\share\prims\jni.cpp, line 516]
Event: 0.282 Thread 0x000001a2d6cc9110 Exception <a 'sun/nio/fs/WindowsException'{0x000000062214d8e8}> (0x000000062214d8e8) 
thrown [t:\workspace\open\src\hotspot\share\prims\jni.cpp, line 516]
Event: 0.282 Thread 0x000001a2d6cc9110 Exception <a 'sun/nio/fs/WindowsException'{0x000000062214dbc8}> (0x000000062214dbc8) 
thrown [t:\workspace\open\src\hotspot\share\prims\jni.cpp, line 516]
Event: 0.328 Thread 0x000001a2d6cc9110 Exception <a 'java/lang/NoSuchMethodError'{0x000000062232c2f0}: 'void java.lang.invoke.DirectMethodHandle$Holder.invokeStatic(java.lang.Object, java.lang.Object, java.lang.Object)'> (0x000000062232c2f0) 
thrown [t:\workspace\open\src\hotspot\share\interpreter\linkResolver.cpp, line 766]
Event: 0.338 Thread 0x000001a2d6cc9110 Exception <a 'java/lang/NoSuchMethodError'{0x0000000621c50190}: 'void java.lang.invoke.DirectMethodHandle$Holder.invokeInterface(java.lang.Object, java.lang.Object)'> (0x0000000621c50190) 
thrown [t:\workspace\open\src\hotspot\share\interpreter\linkResolver.cpp, line 766]

VM Operations (4 events):
Event: 0.050 Executing VM operation: HandshakeAllThreads
Event: 0.050 Executing VM operation: HandshakeAllThreads done
Event: 0.106 Executing VM operation: HandshakeAllThreads
Event: 0.106 Executing VM operation: HandshakeAllThreads done

Events (20 events):
Event: 0.288 loading class sun/util/resources/LocaleData$CommonResourceBundleProvider
Event: 0.288 loading class sun/util/resources/LocaleData$LocaleDataResourceBundleProvider
Event: 0.288 loading class java/util/spi/ResourceBundleProvider
Event: 0.288 loading class java/util/spi/ResourceBundleProvider done
Event: 0.288 loading class sun/util/resources/LocaleData$LocaleDataResourceBundleProvider done
Event: 0.288 loading class sun/util/resources/LocaleData$CommonResourceBundleProvider done
Event: 0.289 loading class sun/util/resources/Bundles$2
Event: 0.289 loading class sun/util/resources/Bundles$2 done
Event: 0.294 loading class jdk/internal/misc/ScopedMemoryAccess$Scope
Event: 0.294 loading class jdk/internal/misc/ScopedMemoryAccess$Scope done
Event: 0.327 loading class sun/net/ProgressMonitor
Event: 0.327 loading class sun/net/ProgressMonitor done
Event: 0.327 loading class sun/net/DefaultProgressMeteringPolicy
Event: 0.327 loading class sun/net/ProgressMeteringPolicy
Event: 0.327 loading class sun/net/ProgressMeteringPolicy done
Event: 0.327 loading class sun/net/DefaultProgressMeteringPolicy done
Event: 0.327 loading class java/io/BufferedReader$1
Event: 0.327 loading class java/io/BufferedReader$1 done
Event: 0.335 loading class java/lang/CloneNotSupportedException
Event: 0.335 loading class java/lang/CloneNotSupportedException done


Dynamic libraries:
0x00007ff78bac0000 - 0x00007ff78bad0000 	C:\Program Files\Java\jdk-17.0.1\bin\java.exe
0x00007ffad6ed0000 - 0x00007ffad70e7000 	C:\WINDOWS\SYSTEM32\ntdll.dll
0x00007ffad6150000 - 0x00007ffad6214000 	C:\WINDOWS\System32\KERNEL32.DLL
0x00007ffad4630000 - 0x00007ffad49d6000 	C:\WINDOWS\System32\KERNELBASE.dll
0x00007ffad4320000 - 0x00007ffad4431000 	C:\WINDOWS\System32\ucrtbase.dll
0x00007ffaab360000 - 0x00007ffaab378000 	C:\Program Files\Java\jdk-17.0.1\bin\jli.dll
0x00007ffaadfd0000 - 0x00007ffaadfea000 	C:\Program Files\Java\jdk-17.0.1\bin\VCRUNTIME140.dll
0x00007ffad6da0000 - 0x00007ffad6e53000 	C:\WINDOWS\System32\ADVAPI32.dll
0x00007ffad6ae0000 - 0x00007ffad6b87000 	C:\WINDOWS\System32\msvcrt.dll
0x00007ffad4c20000 - 0x00007ffad4cc8000 	C:\WINDOWS\System32\sechost.dll
0x00007ffad49e0000 - 0x00007ffad4a08000 	C:\WINDOWS\System32\bcrypt.dll
0x00007ffad4e30000 - 0x00007ffad4f47000 	C:\WINDOWS\System32\RPCRT4.dll
0x00007ffad51b0000 - 0x00007ffad535e000 	C:\WINDOWS\System32\USER32.dll
0x00007ffabf930000 - 0x00007ffabfbc3000 	C:\WINDOWS\WinSxS\amd64_microsoft.windows.common-controls_6595b64144ccf1df_6.0.22621.2506_none_270c5ae97388e100\COMCTL32.dll
0x00007ffad4a10000 - 0x00007ffad4a36000 	C:\WINDOWS\System32\win32u.dll
0x00007ffad6e60000 - 0x00007ffad6e89000 	C:\WINDOWS\System32\GDI32.dll
0x00007ffad4a40000 - 0x00007ffad4b58000 	C:\WINDOWS\System32\gdi32full.dll
0x00007ffad4210000 - 0x00007ffad42aa000 	C:\WINDOWS\System32\msvcp_win.dll
0x00007fface220000 - 0x00007fface22a000 	C:\WINDOWS\SYSTEM32\VERSION.dll
0x00007ffad6aa0000 - 0x00007ffad6ad1000 	C:\WINDOWS\System32\IMM32.DLL
0x00007ffabbee0000 - 0x00007ffabbeec000 	C:\Program Files\Java\jdk-17.0.1\bin\vcruntime140_1.dll
0x00007ffa9db70000 - 0x00007ffa9dbfd000 	C:\Program Files\Java\jdk-17.0.1\bin\msvcp140.dll
0x00007ffa544b0000 - 0x00007ffa5506e000 	C:\Program Files\Java\jdk-17.0.1\bin\server\jvm.dll
0x00007ffad64e0000 - 0x00007ffad64e8000 	C:\WINDOWS\System32\PSAPI.DLL
0x00007ffab7e30000 - 0x00007ffab7e39000 	C:\WINDOWS\SYSTEM32\WSOCK32.dll
0x00007ffac82b0000 - 0x00007ffac82e4000 	C:\WINDOWS\SYSTEM32\WINMM.dll
0x00007ffad4cd0000 - 0x00007ffad4d41000 	C:\WINDOWS\System32\WS2_32.dll
0x00007ffad3170000 - 0x00007ffad3188000 	C:\WINDOWS\SYSTEM32\kernel.appcore.dll
0x00007ffabb960000 - 0x00007ffabb96a000 	C:\Program Files\Java\jdk-17.0.1\bin\jimage.dll
0x00007ffac7080000 - 0x00007ffac72b3000 	C:\WINDOWS\SYSTEM32\DBGHELP.DLL
0x00007ffad66f0000 - 0x00007ffad6a79000 	C:\WINDOWS\System32\combase.dll
0x00007ffad6070000 - 0x00007ffad6147000 	C:\WINDOWS\System32\OLEAUT32.dll
0x00007ffab65e0000 - 0x00007ffab6612000 	C:\WINDOWS\SYSTEM32\dbgcore.DLL
0x00007ffad4440000 - 0x00007ffad44ba000 	C:\WINDOWS\System32\bcryptPrimitives.dll
0x00007ffaab2e0000 - 0x00007ffaab305000 	C:\Program Files\Java\jdk-17.0.1\bin\java.dll
0x00007ffa97360000 - 0x00007ffa97436000 	C:\Program Files\Java\jdk-17.0.1\bin\svml.dll
0x00007ffad5380000 - 0x00007ffad5bdb000 	C:\WINDOWS\System32\SHELL32.dll
0x00007ffad2120000 - 0x00007ffad2a16000 	C:\WINDOWS\SYSTEM32\windows.storage.dll
0x00007ffad1fe0000 - 0x00007ffad211e000 	C:\WINDOWS\SYSTEM32\wintypes.dll
0x00007ffad63e0000 - 0x00007ffad64d3000 	C:\WINDOWS\System32\SHCORE.dll
0x00007ffad4d50000 - 0x00007ffad4dae000 	C:\WINDOWS\System32\shlwapi.dll
0x00007ffad4140000 - 0x00007ffad4166000 	C:\WINDOWS\SYSTEM32\profapi.dll
0x00007ffaab2c0000 - 0x00007ffaab2d9000 	C:\Program Files\Java\jdk-17.0.1\bin\net.dll
0x00007fface510000 - 0x00007fface647000 	C:\WINDOWS\SYSTEM32\WINHTTP.dll
0x00007ffad3680000 - 0x00007ffad36e9000 	C:\WINDOWS\system32\mswsock.dll
0x00007ffaa73e0000 - 0x00007ffaa73f5000 	C:\Program Files\Java\jdk-17.0.1\bin\nio.dll
0x00007ffaa73c0000 - 0x00007ffaa73d8000 	C:\Program Files\Java\jdk-17.0.1\bin\zip.dll
0x00007ffa9ca40000 - 0x00007ffa9cab5000 	C:\Users\nanac\AppData\Local\Temp\lwjglnanac\3.3.1-build-7\lwjgl.dll
0x00007ffa9cde0000 - 0x00007ffa9ce41000 	C:\Users\nanac\AppData\Local\Temp\lwjglnanac\3.3.1-build-7\glfw.dll
0x00007ffaa13f0000 - 0x00007ffaa1436000 	C:\WINDOWS\SYSTEM32\dinput8.dll
0x00007ffaac0a0000 - 0x00007ffaac0b1000 	C:\WINDOWS\SYSTEM32\xinput1_4.dll
0x00007ffad3e10000 - 0x00007ffad3e5e000 	C:\WINDOWS\SYSTEM32\cfgmgr32.dll
0x00007ffad3de0000 - 0x00007ffad3e0c000 	C:\WINDOWS\SYSTEM32\DEVOBJ.dll
0x00007ffad1b70000 - 0x00007ffad1b9b000 	C:\WINDOWS\SYSTEM32\dwmapi.dll
0x00007ffac93e0000 - 0x00007ffac95ea000 	C:\WINDOWS\SYSTEM32\inputhost.dll
0x00007ffad0c20000 - 0x00007ffad0d54000 	C:\WINDOWS\SYSTEM32\CoreMessaging.dll
0x00007ffad1760000 - 0x00007ffad180b000 	C:\WINDOWS\system32\uxtheme.dll
0x00007ffad3b10000 - 0x00007ffad3b1c000 	C:\WINDOWS\SYSTEM32\CRYPTBASE.DLL
0x00007ffad4f50000 - 0x00007ffad50a1000 	C:\WINDOWS\System32\MSCTF.dll
0x00007ffa90fa0000 - 0x00007ffa910a0000 	C:\WINDOWS\SYSTEM32\opengl32.dll
0x00007ffac7350000 - 0x00007ffac737d000 	C:\WINDOWS\SYSTEM32\GLU32.dll
0x00007ffad1850000 - 0x00007ffad1889000 	C:\WINDOWS\SYSTEM32\dxcore.dll
0x00007ffad6640000 - 0x00007ffad66f0000 	C:\WINDOWS\System32\clbcatq.dll
0x00007ffa25620000 - 0x00007ffa298aa000 	C:\WINDOWS\System32\DriverStore\FileRepository\nv_dispig.inf_amd64_7e5fd280efaa5445\nvoglv64.dll
0x00007ffad5bf0000 - 0x00007ffad6064000 	C:\WINDOWS\System32\SETUPAPI.dll
0x00007ffad6ba0000 - 0x00007ffad6d40000 	C:\WINDOWS\System32\ole32.dll
0x00007ffad2fc0000 - 0x00007ffad2fd4000 	C:\WINDOWS\SYSTEM32\WTSAPI32.dll
0x00007ffad3d70000 - 0x00007ffad3d82000 	C:\WINDOWS\SYSTEM32\msasn1.dll
0x00007fface1a0000 - 0x00007fface1d2000 	C:\WINDOWS\SYSTEM32\cryptnet.dll
0x00007ffad44c0000 - 0x00007ffad4626000 	C:\WINDOWS\System32\CRYPT32.dll
0x00007fface040000 - 0x00007fface198000 	C:\WINDOWS\SYSTEM32\drvstore.dll
0x00007ffad3900000 - 0x00007ffad394b000 	C:\WINDOWS\SYSTEM32\wldp.dll
0x00007ffad42b0000 - 0x00007ffad431b000 	C:\WINDOWS\System32\WINTRUST.dll
0x00007ffad3230000 - 0x00007ffad3264000 	C:\WINDOWS\SYSTEM32\ntmarta.dll
0x00007ffad40e0000 - 0x00007ffad412d000 	C:\WINDOWS\SYSTEM32\powrprof.dll
0x00007ffad40c0000 - 0x00007ffad40d3000 	C:\WINDOWS\SYSTEM32\UMPDC.dll
0x00007ffad4040000 - 0x00007ffad40a6000 	C:\WINDOWS\SYSTEM32\WINSTA.dll
0x00007ffacc820000 - 0x00007ffacc96a000 	C:\WINDOWS\SYSTEM32\textinputframework.dll
0x00007fface650000 - 0x00007fface9bc000 	C:\WINDOWS\SYSTEM32\CoreUIComponents.dll
0x0000000070140000 - 0x0000000070657000 	C:\Program Files (x86)\Google\Google Japanese Input\GoogleIMEJaTIP64.dll
0x00007ffab7370000 - 0x00007ffab737b000 	C:\WINDOWS\SYSTEM32\ktmw32.dll
0x00007ffad0300000 - 0x00007ffad08ee000 	C:\WINDOWS\SYSTEM32\d2d1.dll
0x00007ffacfde0000 - 0x00007ffad0054000 	C:\WINDOWS\SYSTEM32\DWrite.dll
0x00007ffa9af20000 - 0x00007ffa9af7d000 	C:\Users\nanac\AppData\Local\Temp\lwjglnanac\3.3.1-build-7\lwjgl_opengl.dll

dbghelp: loaded successfully - version: 4.0.5 - missing functions: none
symbol engine: initialized successfully - sym options: 0x614 - pdb path: .;C:\Program Files\Java\jdk-17.0.1\bin;C:\WINDOWS\SYSTEM32;C:\WINDOWS\WinSxS\amd64_microsoft.windows.common-controls_6595b64144ccf1df_6.0.22621.2506_none_270c5ae97388e100;C:\Program Files\Java\jdk-17.0.1\bin\server;C:\Users\nanac\AppData\Local\Temp\lwjglnanac\3.3.1-build-7;C:\WINDOWS\System32\DriverStore\FileRepository\nv_dispig.inf_amd64_7e5fd280efaa5445;C:\Program Files (x86)\Google\Google Japanese Input

VM Arguments:
jvm_args: -Dfile.encoding=UTF-8 -Duser.country=JP -Duser.language=ja -Duser.variant 
java_command: Test000
java_class_path (initial): C:\.program\java\GLCommonFramework\build\classes\java\test;C:\.program\java\GLCommonFramework\build\classes\kotlin\test;C:\.program\java\GLCommonFramework\build\resources\test;C:\.program\java\GLCommonFramework\build\classes\java\main;C:\.program\java\GLCommonFramework\build\classes\kotlin\main;C:\.program\java\GLCommonFramework\build\resources\main;C:\.program\java\.libraries\lwjgl-release-3.3.1-custom\lwjgl-natives-windows.jar;C:\.program\java\.libraries\lwjgl-release-3.3.1-custom\lwjgl-opengles-javadoc.jar;C:\.program\java\.libraries\lwjgl-release-3.3.1-custom\lwjgl-opengles-sources.jar;C:\.program\java\.libraries\lwjgl-release-3.3.1-custom\lwjgl-opengles.jar;C:\.program\java\.libraries\lwjgl-release-3.3.1-custom\lwjgl-opengles-natives-windows.jar;C:\.program\java\.libraries\lwjgl-release-3.3.1-custom\lwjgl-opengl.jar;C:\.program\java\.libraries\lwjgl-release-3.3.1-custom\lwjgl-opengl-javadoc.jar;C:\.program\java\.libraries\lwjgl-release-3.3.1-custom\lwjgl-opengl-sources.jar;C:\.program\java\.libraries\lwjgl-release-3.3.1-custom\lwjgl-openvr.jar;C:\.program\java\.libraries\lwjgl-release-3.3.1-custom\lwjgl-openvr-javadoc.jar;C:\.program\java\.libraries\lwjgl-release-3.3.1-custom\lwjgl-openvr-natives-windows.jar;C:\.program\java\.libraries\lwjgl-release-3.3.1-custom\lwjgl-openvr-sources.jar;C:\.program\java\.libraries\lwjgl-release-3.3.1-custom\lwjgl-stb.jar;C:\.program\java\.libraries\lwjgl-release-3.3.1-custom\lwjgl-stb-javadoc.jar;C:\.program\java\.libraries\lwjgl-release-3.3.1-custom\lwjgl-stb-natives-windows.jar;C:\.program\java\.libraries\lwjgl-release-3.3.1-custom\lwjgl-stb-sources.jar;C:\.program\java\.libraries\lwjgl-release-3.3.1-custom\lwjgl-glfw.jar;C:\.program\java\.libraries\lwjgl-release-3.3.1-custom\lwjgl-glfw-javadoc.jar;C:\.program\java\.libraries\lwjgl-release-3.3.1-custom\lwjgl-glfw-natives-windows.jar;C:\.program\java\.libraries\lwjgl-release-3.3.1-custom\lwjgl-glfw-sources.jar;C:\.program\java\.libraries\lwjgl-rele
Launcher Type: SUN_STANDARD

[Global flags]
     intx CICompilerCount                          = 12                                        {product} {ergonomic}
     uint ConcGCThreads                            = 4                                         {product} {ergonomic}
     uint G1ConcRefinementThreads                  = 15                                        {product} {ergonomic}
   size_t G1HeapRegionSize                         = 4194304                                   {product} {ergonomic}
    uintx GCDrainStackTargetSize                   = 64                                        {product} {ergonomic}
   size_t InitialHeapSize                          = 536870912                                 {product} {ergonomic}
   size_t MarkStackSize                            = 4194304                                   {product} {ergonomic}
   size_t MaxHeapSize                              = 8543797248                                {product} {ergonomic}
   size_t MaxNewSize                               = 5125439488                                {product} {ergonomic}
   size_t MinHeapDeltaBytes                        = 4194304                                   {product} {ergonomic}
   size_t MinHeapSize                              = 8388608                                   {product} {ergonomic}
    uintx NonNMethodCodeHeapSize                   = 7602480                                {pd product} {ergonomic}
    uintx NonProfiledCodeHeapSize                  = 122027880                              {pd product} {ergonomic}
    uintx ProfiledCodeHeapSize                     = 122027880                              {pd product} {ergonomic}
    uintx ReservedCodeCacheSize                    = 251658240                              {pd product} {ergonomic}
     bool SegmentedCodeCache                       = true                                      {product} {ergonomic}
   size_t SoftMaxHeapSize                          = 8543797248                             {manageable} {ergonomic}
     bool UseCompressedClassPointers               = true                           {product lp64_product} {ergonomic}
     bool UseCompressedOops                        = true                           {product lp64_product} {ergonomic}
     bool UseG1GC                                  = true                                      {product} {ergonomic}
     bool UseLargePagesIndividualAllocation        = false                                  {pd product} {ergonomic}

Logging:
Log output configuration:
 #0: stdout all=warning uptime,level,tags
 #1: stderr all=off uptime,level,tags

Environment Variables:
JAVA_HOME=C:\jdks\jdk-21.0.2
PATH=C:\jdks\jdk-21.0.2\bin;C:\Program Files\Common Files\Oracle\Java\javapath;C:\Program Files (x86)\Common Files\Oracle\Java\javapath;C:\WINDOWS\system32;C:\WINDOWS;C:\WINDOWS\System32\Wbem;C:\WINDOWS\System32\WindowsPowerShell\v1.0\;C:\WINDOWS\System32\OpenSSH\;C:\Program Files\dotnet\;C:\Program Files\Git\cmd;C:\Program Files\Microsoft SQL Server\150\Tools\Binn\;C:\Program Files\Microsoft SQL Server\Client SDK\ODBC\170\Tools\Binn\;C:\Program Files (x86)\Windows Kits\10\Windows Performance Toolkit\;C:\Program Files\PowerShell\7\;C:\Users\nanac\AppData\Local\Programs\Python\Launcher\;C:\Users\nanac\AppData\Local\Microsoft\WindowsApps;C:\Users\nanac\.dotnet\tools
USERNAME=nanac
OS=Windows_NT
PROCESSOR_IDENTIFIER=Intel64 Family 6 Model 183 Stepping 1, GenuineIntel



---------------  S Y S T E M  ---------------

OS:
 Windows 10 , 64 bit Build 22621 (10.0.22621.3085)
OS uptime: 8 days 19:33 hours
Hyper-V role detected

CPU: total 20 (initial active 20) (10 cores per cpu, 2 threads per core) family 6 model 183 stepping 1 microcode 0x113, cx8, cmov, fxsr, ht, mmx, 3dnowpref, sse, sse2, sse3, ssse3, sse4.1, sse4.2, popcnt, lzcnt, tsc, tscinvbit, avx, avx2, aes, erms, clmul, bmi1, bmi2, adx, sha, fma, vzeroupper, clflush, clflushopt, clwb, hv

Memory: 4k page, system-wide physical 32581M (12329M free)
TotalPageFile size 49203M (AvailPageFile size 5943M)
current process WorkingSet (physical memory assigned to process): 97M, peak: 97M
current process commit charge ("private bytes"): 677M, peak: 677M

vm_info: Java HotSpot(TM) 64-Bit Server VM (17.0.1+12-LTS-39) for windows-amd64 JRE (17.0.1+12-LTS-39), built on Sep 27 2021 18:41:35 by "mach5one" with MS VC++ 16.8 (VS2019)

END.
